mode: set
servflow/pkg/storage/store.go:70.88,72.2 1 1
servflow/pkg/storage/store.go:74.70,76.2 1 1
servflow/pkg/storage/store.go:78.84,79.21 1 1
servflow/pkg/storage/store.go:79.21,81.3 1 1
servflow/pkg/storage/store.go:82.2,83.16 2 0
servflow/pkg/storage/store.go:83.16,85.3 1 0
servflow/pkg/storage/store.go:86.2,87.52 2 0
servflow/pkg/storage/store.go:87.52,89.3 1 0
servflow/pkg/storage/store.go:90.2,91.18 2 0
servflow/pkg/storage/store.go:94.85,95.21 1 1
servflow/pkg/storage/store.go:95.21,97.3 1 1
servflow/pkg/storage/store.go:98.2,99.16 2 0
servflow/pkg/storage/store.go:99.16,101.3 1 0
servflow/pkg/storage/store.go:102.2,102.66 1 0
servflow/pkg/storage/store.go:105.88,106.21 1 1
servflow/pkg/storage/store.go:106.21,108.3 1 1
servflow/pkg/storage/store.go:109.2,110.16 2 0
servflow/pkg/storage/store.go:110.16,112.3 1 0
servflow/pkg/storage/store.go:113.2,114.53 2 0
servflow/pkg/storage/store.go:114.53,116.3 1 0
servflow/pkg/storage/store.go:117.2,118.19 2 0
servflow/pkg/storage/store.go:121.90,122.21 1 1
servflow/pkg/storage/store.go:122.21,124.3 1 1
servflow/pkg/storage/store.go:125.2,126.16 2 0
servflow/pkg/storage/store.go:126.16,128.3 1 0
servflow/pkg/storage/store.go:129.2,129.64 1 0
servflow/pkg/engine/dag.go:19.45,21.33 2 1
servflow/pkg/engine/dag.go:21.33,22.38 1 1
servflow/pkg/engine/dag.go:22.38,24.4 1 1
servflow/pkg/engine/dag.go:27.2,29.31 3 1
servflow/pkg/engine/dag.go:29.31,31.38 2 1
servflow/pkg/engine/dag.go:31.38,32.30 1 1
servflow/pkg/engine/dag.go:32.30,34.5 1 1
servflow/pkg/engine/dag.go:35.4,35.30 1 1
servflow/pkg/engine/dag.go:35.30,36.22 1 1
servflow/pkg/engine/dag.go:36.22,38.6 1 1
servflow/pkg/engine/dag.go:41.3,42.15 2 1
servflow/pkg/engine/dag.go:45.2,45.33 1 1
servflow/pkg/engine/dag.go:45.33,46.30 1 1
servflow/pkg/engine/dag.go:46.30,47.22 1 1
servflow/pkg/engine/dag.go:47.22,49.5 1 1
servflow/pkg/engine/dag.go:52.2,52.14 1 1
servflow/pkg/engine/dag.go:56.89,59.36 2 1
servflow/pkg/engine/dag.go:59.36,62.3 2 1
servflow/pkg/engine/dag.go:63.2,70.4 1 1
servflow/pkg/engine/dag.go:79.3,82.15 3 1
servflow/pkg/engine/dag.go:82.15,83.26 1 1
servflow/pkg/engine/dag.go:83.26,89.4 1 0
servflow/pkg/engine/dag.go:92.2,94.40 3 1
servflow/pkg/engine/dag.go:94.40,95.34 1 1
servflow/pkg/engine/dag.go:95.34,97.4 1 1
servflow/pkg/engine/dag.go:99.2,103.34 3 1
servflow/pkg/engine/dag.go:103.34,105.30 2 1
servflow/pkg/engine/dag.go:105.30,109.4 3 0
servflow/pkg/engine/dag.go:110.3,114.34 3 1
servflow/pkg/engine/dag.go:114.34,117.33 3 1
servflow/pkg/engine/dag.go:117.33,119.13 2 1
servflow/pkg/engine/dag.go:123.4,124.39 2 1
servflow/pkg/engine/dag.go:124.39,126.50 2 1
servflow/pkg/engine/dag.go:126.50,128.11 2 0
servflow/pkg/engine/dag.go:132.4,132.22 1 1
servflow/pkg/engine/dag.go:132.22,134.13 2 0
servflow/pkg/engine/dag.go:138.4,138.33 1 1
servflow/pkg/engine/dag.go:138.33,145.5 6 1
servflow/pkg/engine/dag.go:147.4,156.27 8 1
servflow/pkg/engine/dag.go:156.27,158.5 1 0
servflow/pkg/engine/dag.go:158.10,160.5 1 1
servflow/pkg/engine/dag.go:161.4,167.27 5 1
servflow/pkg/engine/dag.go:167.27,169.5 1 1
servflow/pkg/engine/dag.go:171.4,171.8 1 1
servflow/pkg/engine/dag.go:171.8,172.27 1 1
servflow/pkg/engine/dag.go:172.27,175.16 2 1
servflow/pkg/engine/dag.go:175.16,177.7 1 1
servflow/pkg/engine/dag.go:178.6,178.13 1 1
servflow/pkg/engine/dag.go:179.27,179.27 0 0
servflow/pkg/engine/dag.go:181.74,182.68 1 1
servflow/pkg/engine/dag.go:184.11,186.6 1 1
servflow/pkg/engine/dag.go:188.5,188.19 1 1
servflow/pkg/engine/dag.go:188.19,189.11 1 1
servflow/pkg/engine/dag.go:192.5,192.32 1 1
servflow/pkg/engine/dag.go:192.32,193.11 1 1
servflow/pkg/engine/dag.go:196.5,200.38 5 0
servflow/pkg/engine/dag.go:203.4,203.23 1 1
servflow/pkg/engine/dag.go:203.23,208.5 1 0
servflow/pkg/engine/dag.go:210.4,212.18 3 1
servflow/pkg/engine/dag.go:212.18,226.5 11 1
servflow/pkg/engine/dag.go:226.10,232.5 5 1
servflow/pkg/engine/dag.go:233.4,234.55 2 1
servflow/pkg/engine/dag.go:237.3,237.51 1 1
servflow/pkg/engine/dag.go:237.51,247.4 8 0
servflow/pkg/engine/dag.go:250.2,255.53 6 1
servflow/pkg/engine/dag.go:260.113,262.3 1 1
servflow/pkg/engine/dag.go:270.3,274.16 4 1
servflow/pkg/engine/dag.go:274.16,276.3 1 0
servflow/pkg/engine/dag.go:278.2,278.70 1 1
servflow/pkg/engine/dag.go:278.70,279.47 1 1
servflow/pkg/engine/dag.go:279.47,281.4 1 0
servflow/pkg/engine/dag.go:282.3,282.65 1 1
servflow/pkg/engine/dag.go:285.2,288.18 4 1
servflow/pkg/engine/dag.go:288.18,291.31 3 0
servflow/pkg/engine/dag.go:291.31,293.4 1 0
servflow/pkg/engine/dag.go:294.3,295.34 2 0
servflow/pkg/engine/dag.go:299.46,300.87 1 1
servflow/pkg/engine/dag.go:300.87,304.17 4 0
servflow/pkg/engine/dag.go:304.17,306.4 1 0
servflow/pkg/engine/dag.go:307.3,309.17 3 0
servflow/pkg/engine/dag.go:309.17,311.4 1 0
servflow/pkg/engine/dag.go:312.3,313.29 2 0
servflow/pkg/engine/dag.go:313.29,315.4 1 0
servflow/pkg/engine/dag.go:316.3,316.13 1 0
servflow/pkg/engine/dag.go:319.2,319.29 1 1
servflow/pkg/engine/dag.go:319.29,321.3 1 0
servflow/pkg/engine/dag.go:321.8,323.3 1 1
servflow/pkg/engine/dag.go:325.2,325.24 1 1
servflow/pkg/engine/dag.go:325.24,327.3 1 0
servflow/pkg/engine/dag.go:328.2,328.12 1 1
servflow/pkg/engine/dag.go:331.72,333.16 2 0
servflow/pkg/engine/dag.go:333.16,335.3 1 0
servflow/pkg/engine/dag.go:336.2,338.50 2 0
servflow/pkg/engine/dag.go:347.3,348.43 1 1
servflow/pkg/engine/dag.go:348.43,354.38 4 1
servflow/pkg/engine/dag.go:354.38,357.4 2 0
servflow/pkg/engine/dag.go:359.3,359.63 1 1
servflow/pkg/engine/dag.go:359.63,365.57 5 0
servflow/pkg/engine/dag.go:365.57,368.25 3 0
servflow/pkg/engine/dag.go:368.25,370.6 1 0
servflow/pkg/engine/dag.go:371.5,374.19 3 0
servflow/pkg/engine/dag.go:374.19,381.6 6 0
servflow/pkg/engine/dag.go:382.5,382.11 1 0
servflow/pkg/engine/dag.go:383.10,387.19 3 0
servflow/pkg/engine/dag.go:387.19,391.6 3 0
servflow/pkg/engine/dag.go:391.11,394.6 2 0
servflow/pkg/engine/dag.go:395.5,396.56 2 0
servflow/pkg/engine/dag.go:398.9,400.4 1 1
servflow/pkg/handlers/handlers.go:23.69,30.2 1 0
servflow/pkg/handlers/handlers.go:32.40,33.66 1 0
servflow/pkg/handlers/handlers.go:33.66,37.3 3 0
servflow/pkg/handlers/handlers.go:38.2,38.65 1 0
servflow/pkg/handlers/handlers.go:38.65,42.3 3 0
servflow/pkg/handlers/handlers.go:45.53,46.30 1 0
servflow/pkg/handlers/handlers.go:46.30,48.3 1 0
servflow/pkg/handlers/handlers.go:49.2,51.36 3 0
servflow/pkg/handlers/handlers.go:51.36,53.3 1 0
servflow/pkg/handlers/handlers.go:54.2,55.47 2 0
servflow/pkg/handlers/handlers.go:58.51,59.30 1 0
servflow/pkg/handlers/handlers.go:59.30,61.3 1 0
servflow/pkg/handlers/handlers.go:62.2,64.34 3 0
servflow/pkg/handlers/handlers.go:64.34,66.3 1 0
servflow/pkg/handlers/handlers.go:67.2,68.45 2 0
servflow/pkg/handlers/handlers.go:71.81,72.33 1 0
servflow/pkg/handlers/handlers.go:72.33,75.3 2 0
servflow/pkg/handlers/handlers.go:77.2,78.61 2 0
servflow/pkg/handlers/handlers.go:78.61,81.3 2 0
servflow/pkg/handlers/handlers.go:83.2,83.41 1 0
servflow/pkg/handlers/handlers.go:83.41,86.3 2 0
servflow/pkg/handlers/handlers.go:88.2,95.32 7 0
servflow/pkg/handlers/handlers.go:98.82,99.33 1 0
servflow/pkg/handlers/handlers.go:99.33,102.3 2 0
servflow/pkg/handlers/handlers.go:104.2,107.61 2 0
servflow/pkg/handlers/handlers.go:107.61,110.3 2 0
servflow/pkg/handlers/handlers.go:112.2,116.13 4 0
servflow/pkg/handlers/handlers.go:116.13,119.3 2 0
servflow/pkg/handlers/handlers.go:121.2,123.33 3 0
servflow/pkg/handlers/handlers.go:123.33,128.3 1 0
servflow/pkg/handlers/handlers.go:130.2,148.33 8 0
servflow/pkg/handlers/handlers.go:153.98,155.3 1 0
servflow/pkg/handlers/handlers.go:158.81,159.33 1 0
servflow/pkg/handlers/handlers.go:159.33,162.3 2 0
servflow/pkg/handlers/handlers.go:164.2,167.61 2 0
servflow/pkg/handlers/handlers.go:167.61,170.3 2 0
servflow/pkg/handlers/handlers.go:172.2,176.109 4 0
servflow/pkg/handlers/handlers.go:176.109,178.3 1 0
servflow/pkg/handlers/handlers.go:178.8,179.71 1 0
servflow/pkg/handlers/handlers.go:179.71,181.4 1 0
servflow/pkg/handlers/handlers.go:182.3,182.35 1 0
servflow/pkg/handlers/handlers.go:182.35,184.4 1 0
servflow/pkg/handlers/handlers.go:186.2,186.16 1 0
servflow/pkg/handlers/handlers.go:186.16,189.3 2 0
servflow/pkg/handlers/handlers.go:191.2,192.52 2 0
servflow/pkg/handlers/handlers.go:192.52,195.3 2 0
servflow/pkg/handlers/handlers.go:197.2,201.16 4 0
servflow/pkg/handlers/handlers.go:201.16,204.3 2 0
servflow/pkg/handlers/handlers.go:206.2,207.49 2 0
servflow/pkg/handlers/handlers.go:207.49,209.3 1 0
servflow/pkg/handlers/handlers.go:211.2,212.40 2 0
servflow/pkg/handlers/handlers.go:212.40,213.37 1 0
servflow/pkg/handlers/handlers.go:213.37,215.9 2 0
servflow/pkg/handlers/handlers.go:219.2,223.20 4 0
servflow/pkg/handlers/handlers.go:223.20,227.3 3 0
servflow/pkg/handlers/handlers.go:227.8,231.48 3 0
servflow/pkg/handlers/handlers.go:231.48,232.32 1 0
servflow/pkg/handlers/handlers.go:232.32,235.5 2 0
servflow/pkg/handlers/handlers.go:237.3,237.84 1 0
servflow/pkg/handlers/handlers.go:240.2,242.40 3 0
servflow/pkg/handlers/handlers.go:245.82,246.33 1 0
servflow/pkg/handlers/handlers.go:246.33,249.3 2 0
servflow/pkg/handlers/handlers.go:251.2,256.61 2 0
servflow/pkg/handlers/handlers.go:256.61,259.3 2 0
servflow/pkg/handlers/handlers.go:261.2,265.13 4 0
servflow/pkg/handlers/handlers.go:265.13,268.3 2 0
servflow/pkg/handlers/handlers.go:270.2,272.55 3 0
servflow/pkg/handlers/handlers.go:272.55,276.3 3 0
servflow/pkg/handlers/handlers.go:278.2,278.31 1 0
servflow/pkg/handlers/handlers.go:278.31,282.3 3 0
servflow/pkg/handlers/handlers.go:282.8,287.3 4 0
servflow/pkg/handlers/handlers.go:288.2,295.31 6 0
servflow/pkg/handlers/handlers.go:295.31,297.3 1 0
servflow/pkg/handlers/handlers.go:297.8,300.44 3 0
servflow/pkg/handlers/handlers.go:300.44,303.64 3 0
servflow/pkg/handlers/handlers.go:303.64,306.5 2 0
servflow/pkg/handlers/handlers.go:308.3,309.72 2 0
servflow/pkg/handlers/handlers.go:312.2,314.33 3 0
servflow/pkg/handlers/handlers.go:317.86,318.32 1 0
servflow/pkg/handlers/handlers.go:318.32,321.3 2 0
servflow/pkg/handlers/handlers.go:323.2,326.14 4 0
servflow/pkg/handlers/handlers.go:326.14,329.3 2 0
servflow/pkg/handlers/handlers.go:331.2,335.13 4 0
servflow/pkg/handlers/handlers.go:335.13,338.3 2 0
servflow/pkg/handlers/handlers.go:340.2,344.33 4 0
servflow/pkg/handlers/handlers.go:347.82,348.32 1 0
servflow/pkg/handlers/handlers.go:348.32,351.3 2 0
servflow/pkg/handlers/handlers.go:353.2,357.37 4 0
servflow/pkg/handlers/handlers.go:357.37,359.60 2 0
servflow/pkg/handlers/handlers.go:359.60,361.4 1 0
servflow/pkg/handlers/handlers.go:362.3,362.20 1 0
servflow/pkg/handlers/handlers.go:365.2,367.36 3 0
servflow/pkg/handlers/handlers.go:370.81,371.33 1 0
servflow/pkg/handlers/handlers.go:371.33,374.3 2 0
servflow/pkg/handlers/handlers.go:376.2,379.61 2 0
servflow/pkg/handlers/handlers.go:379.61,382.3 2 0
servflow/pkg/handlers/handlers.go:384.2,388.13 4 0
servflow/pkg/handlers/handlers.go:388.13,391.3 2 0
servflow/pkg/handlers/handlers.go:393.2,397.16 4 0
servflow/pkg/handlers/handlers.go:397.16,400.3 2 0
servflow/pkg/handlers/handlers.go:402.2,413.33 3 0
servflow/pkg/handlers/handlers.go:413.33,417.3 1 0
servflow/pkg/handlers/handlers.go:419.2,427.36 7 0
servflow/pkg/handlers/handlers.go:430.83,431.33 1 0
servflow/pkg/handlers/handlers.go:431.33,434.3 2 0
servflow/pkg/handlers/handlers.go:436.2,437.61 2 0
servflow/pkg/handlers/handlers.go:437.61,440.3 2 0
servflow/pkg/handlers/handlers.go:442.2,442.26 1 0
servflow/pkg/handlers/handlers.go:442.26,447.3 4 0
servflow/pkg/handlers/handlers.go:449.2,451.35 3 0
servflow/pkg/handlers/handlers.go:454.84,455.33 1 0
servflow/pkg/handlers/handlers.go:455.33,458.3 2 0
servflow/pkg/handlers/handlers.go:460.2,461.61 2 0
servflow/pkg/handlers/handlers.go:461.61,464.3 2 0
servflow/pkg/handlers/handlers.go:466.2,468.33 3 0
servflow/pkg/handlers/handlers.go:468.33,469.31 1 0
servflow/pkg/handlers/handlers.go:469.31,471.4 1 0
servflow/pkg/handlers/handlers.go:471.9,472.39 1 0
servflow/pkg/handlers/handlers.go:472.39,474.5 1 0
servflow/pkg/handlers/handlers.go:478.2,482.4 3 0
servflow/pkg/handlers/handlers.go:485.93,486.33 1 0
servflow/pkg/handlers/handlers.go:486.33,489.3 2 0
servflow/pkg/handlers/handlers.go:491.2,497.61 2 0
servflow/pkg/handlers/handlers.go:497.61,500.3 2 0
servflow/pkg/handlers/handlers.go:502.2,506.13 4 0
servflow/pkg/handlers/handlers.go:506.13,509.3 2 0
servflow/pkg/handlers/handlers.go:511.2,513.52 3 0
servflow/pkg/handlers/handlers.go:513.52,517.3 3 0
servflow/pkg/handlers/handlers.go:519.2,519.29 1 0
servflow/pkg/handlers/handlers.go:519.29,522.3 2 0
servflow/pkg/handlers/handlers.go:522.8,526.3 3 0
servflow/pkg/handlers/handlers.go:527.2,537.36 8 0
servflow/pkg/handlers/handlers.go:544.91,545.32 1 0
servflow/pkg/handlers/handlers.go:545.32,548.3 2 0
servflow/pkg/handlers/handlers.go:550.2,553.26 3 0
servflow/pkg/handlers/handlers.go:553.26,554.43 1 0
servflow/pkg/handlers/handlers.go:554.43,556.9 2 0
servflow/pkg/handlers/handlers.go:559.2,559.18 1 0
servflow/pkg/handlers/handlers.go:559.18,562.3 2 0
servflow/pkg/handlers/handlers.go:564.2,567.13 4 0
servflow/pkg/handlers/handlers.go:567.13,570.3 2 0
servflow/pkg/handlers/handlers.go:572.2,577.21 4 0
servflow/pkg/handlers/handlers.go:577.21,580.52 3 0
servflow/pkg/handlers/handlers.go:580.52,583.4 2 0
servflow/pkg/handlers/handlers.go:584.3,586.9 3 0
servflow/pkg/handlers/handlers.go:590.2,598.37 3 0
servflow/main.go:27.18,31.2 3 0
servflow/main.go:33.27,34.62 1 0
servflow/main.go:34.62,38.3 3 0
servflow/main.go:39.2,39.61 1 0
servflow/main.go:39.61,43.3 3 0
servflow/main.go:46.44,53.2 1 1
servflow/main.go:55.59,57.2 1 1
servflow/main.go:59.60,61.2 1 1
servflow/main.go:63.59,65.2 1 1
servflow/main.go:67.60,69.2 1 1
servflow/main.go:71.64,73.2 1 1
servflow/main.go:75.60,77.2 1 1
servflow/main.go:79.69,81.2 1 1
servflow/main.go:83.59,85.2 1 1
servflow/main.go:87.61,89.2 1 1
servflow/main.go:91.62,93.2 1 1
servflow/main.go:95.71,97.2 1 1
servflow/main.go:99.13,104.16 4 0
servflow/main.go:104.16,106.3 1 0
servflow/main.go:108.2,112.74 3 0
servflow/main.go:112.74,115.3 2 0
servflow/main.go:116.2,117.73 2 0
servflow/main.go:117.73,120.3 2 0
servflow/main.go:121.2,143.12 16 0
servflow/main.go:143.12,145.80 2 0
servflow/main.go:145.80,147.4 1 0
servflow/main.go:150.2,158.45 6 0
servflow/main.go:158.45,160.3 1 0
servflow/main.go:161.2,161.54 1 0
