mode: set
servqueue/pkg/broker/dedup.go:14.58,19.2 1 0
servqueue/pkg/broker/dedup.go:21.44,27.26 4 0
servqueue/pkg/broker/dedup.go:27.26,28.28 1 0
servqueue/pkg/broker/dedup.go:28.28,30.4 1 0
servqueue/pkg/broker/dedup.go:33.2,33.36 1 0
servqueue/pkg/broker/dedup.go:33.36,35.3 1 0
servqueue/pkg/broker/dedup.go:37.2,38.13 2 0
servqueue/pkg/broker/dlq_summary_oss.go:9.83,11.2 1 0
servqueue/pkg/broker/dlq_summary_oss.go:13.93,15.2 1 0
servqueue/pkg/broker/dlq_summary_oss.go:28.72,30.2 1 0
servqueue/pkg/broker/dlq_summary_oss.go:32.99,34.2 1 0
servqueue/pkg/broker/engine.go:70.38,72.16 2 0
servqueue/pkg/broker/engine.go:72.16,73.67 1 0
servqueue/pkg/broker/engine.go:76.2,77.19 2 0
servqueue/pkg/broker/engine.go:77.19,79.3 1 0
servqueue/pkg/broker/engine.go:81.2,104.67 5 0
servqueue/pkg/broker/engine.go:104.67,105.69 1 0
servqueue/pkg/broker/engine.go:105.69,107.4 1 0
servqueue/pkg/broker/engine.go:109.2,109.69 1 0
servqueue/pkg/broker/engine.go:109.69,110.68 1 0
servqueue/pkg/broker/engine.go:110.68,112.4 1 0
servqueue/pkg/broker/engine.go:114.2,116.16 2 0
servqueue/pkg/broker/engine.go:116.16,118.42 1 0
servqueue/pkg/broker/engine.go:118.42,119.31 1 0
servqueue/pkg/broker/engine.go:119.31,121.5 1 0
servqueue/pkg/broker/engine.go:124.3,124.62 1 0
servqueue/pkg/broker/engine.go:124.62,125.34 1 0
servqueue/pkg/broker/engine.go:125.34,127.5 1 0
servqueue/pkg/broker/engine.go:131.2,131.72 1 0
servqueue/pkg/broker/engine.go:131.72,135.3 3 0
servqueue/pkg/broker/engine.go:137.2,137.15 1 0
servqueue/pkg/broker/engine.go:141.31,142.24 1 0
servqueue/pkg/broker/engine.go:142.24,144.3 1 0
servqueue/pkg/broker/engine.go:145.2,146.39 2 0
servqueue/pkg/broker/engine.go:146.39,148.3 1 0
servqueue/pkg/broker/engine.go:149.2,149.15 1 0
servqueue/pkg/broker/engine.go:152.70,157.9 4 0
servqueue/pkg/broker/engine.go:157.9,165.3 5 0
servqueue/pkg/broker/engine.go:166.2,166.11 1 0
servqueue/pkg/broker/engine.go:169.91,170.6 1 0
servqueue/pkg/broker/engine.go:170.6,171.10 1 0
servqueue/pkg/broker/engine.go:172.21,173.10 1 0
servqueue/pkg/broker/engine.go:174.11,177.47 3 0
servqueue/pkg/broker/engine.go:177.47,178.59 1 0
servqueue/pkg/broker/engine.go:178.59,180.11 2 0
servqueue/pkg/broker/engine.go:183.4,183.16 1 0
servqueue/pkg/broker/engine.go:183.16,184.49 1 0
servqueue/pkg/broker/engine.go:184.49,185.36 1 0
servqueue/pkg/broker/engine.go:185.36,186.38 1 0
servqueue/pkg/broker/engine.go:186.38,187.26 1 0
servqueue/pkg/broker/engine.go:187.26,189.14 2 0
servqueue/pkg/broker/engine.go:193.6,193.17 1 0
servqueue/pkg/broker/engine.go:193.17,194.12 1 0
servqueue/pkg/broker/engine.go:198.4,198.16 1 0
servqueue/pkg/broker/engine.go:198.16,199.48 1 0
servqueue/pkg/broker/engine.go:199.48,200.36 1 0
servqueue/pkg/broker/engine.go:200.36,201.38 1 0
servqueue/pkg/broker/engine.go:201.38,202.26 1 0
servqueue/pkg/broker/engine.go:202.26,204.14 2 0
servqueue/pkg/broker/engine.go:208.6,208.17 1 0
servqueue/pkg/broker/engine.go:208.17,209.12 1 0
servqueue/pkg/broker/engine.go:213.4,215.16 2 0
servqueue/pkg/broker/engine.go:215.16,216.12 1 0
servqueue/pkg/broker/engine.go:217.23,218.12 1 0
servqueue/pkg/broker/engine.go:219.46,220.14 1 0
servqueue/pkg/broker/engine.go:224.4,225.11 2 0
servqueue/pkg/broker/engine.go:225.11,226.12 1 0
servqueue/pkg/broker/engine.go:227.23,228.12 1 0
servqueue/pkg/broker/engine.go:229.46,230.14 1 0
servqueue/pkg/broker/engine.go:235.4,235.60 1 0
servqueue/pkg/broker/engine.go:235.60,237.13 2 0
servqueue/pkg/broker/engine.go:240.4,242.47 3 0
servqueue/pkg/broker/engine.go:242.47,243.35 1 0
servqueue/pkg/broker/engine.go:243.35,245.6 1 0
servqueue/pkg/broker/engine.go:247.4,248.48 2 0
servqueue/pkg/broker/engine.go:248.48,249.35 1 0
servqueue/pkg/broker/engine.go:249.35,250.50 1 0
servqueue/pkg/broker/engine.go:250.50,252.7 1 0
servqueue/pkg/broker/engine.go:255.4,256.47 2 0
servqueue/pkg/broker/engine.go:256.47,257.35 1 0
servqueue/pkg/broker/engine.go:257.35,258.41 1 0
servqueue/pkg/broker/engine.go:258.41,260.7 1 0
servqueue/pkg/broker/engine.go:263.4,265.29 2 0
servqueue/pkg/broker/engine.go:265.29,267.43 1 0
servqueue/pkg/broker/engine.go:267.43,269.58 2 0
servqueue/pkg/broker/engine.go:269.58,270.15 1 0
servqueue/pkg/broker/engine.go:274.5,274.12 1 0
servqueue/pkg/broker/engine.go:275.29,275.29 0 0
servqueue/pkg/broker/engine.go:276.13,276.13 0 0
servqueue/pkg/broker/engine.go:280.4,280.38 1 0
servqueue/pkg/broker/engine.go:280.38,281.12 1 0
servqueue/pkg/broker/engine.go:282.29,282.29 0 0
servqueue/pkg/broker/engine.go:283.13,283.13 0 0
servqueue/pkg/broker/engine.go:287.4,287.40 1 0
servqueue/pkg/broker/engine.go:287.40,288.24 1 0
servqueue/pkg/broker/engine.go:288.24,289.14 1 0
servqueue/pkg/broker/engine.go:291.5,292.37 2 0
servqueue/pkg/broker/engine.go:292.37,294.6 1 0
servqueue/pkg/broker/engine.go:295.5,300.12 5 0
servqueue/pkg/broker/engine.go:301.36,301.36 0 0
servqueue/pkg/broker/engine.go:302.13,302.13 0 0
servqueue/pkg/broker/engine.go:309.75,313.2 3 0
servqueue/pkg/broker/engine.go:315.58,319.2 3 0
servqueue/pkg/broker/engine.go:331.49,338.35 5 0
servqueue/pkg/broker/engine.go:338.35,343.42 2 0
servqueue/pkg/broker/engine.go:343.42,345.4 1 0
servqueue/pkg/broker/engine.go:346.3,346.38 1 0
servqueue/pkg/broker/engine.go:346.38,348.4 1 0
servqueue/pkg/broker/engine.go:349.3,349.39 1 0
servqueue/pkg/broker/engine.go:349.39,351.4 1 0
servqueue/pkg/broker/engine.go:352.3,353.20 2 0
servqueue/pkg/broker/engine.go:357.2,357.33 1 0
servqueue/pkg/broker/engine.go:357.33,358.18 1 0
servqueue/pkg/broker/engine.go:358.18,360.40 2 0
servqueue/pkg/broker/engine.go:360.40,362.5 1 0
servqueue/pkg/broker/engine.go:363.4,364.21 2 0
servqueue/pkg/broker/engine.go:368.2,368.34 1 0
servqueue/pkg/broker/engine.go:368.34,369.18 1 0
servqueue/pkg/broker/engine.go:369.18,373.4 3 0
servqueue/pkg/broker/engine.go:376.2,377.30 2 0
servqueue/pkg/broker/engine.go:377.30,378.18 1 0
servqueue/pkg/broker/engine.go:378.18,382.4 3 0
servqueue/pkg/broker/engine.go:384.2,386.15 2 0
servqueue/pkg/broker/engine.go:389.54,393.2 3 0
servqueue/pkg/broker/engine.go:395.100,397.22 2 0
servqueue/pkg/broker/engine.go:397.22,399.3 1 0
servqueue/pkg/broker/engine.go:400.2,403.36 3 0
servqueue/pkg/broker/engine.go:403.36,407.16 4 0
servqueue/pkg/broker/engine.go:407.16,408.42 1 0
servqueue/pkg/broker/engine.go:408.42,410.5 1 0
servqueue/pkg/broker/engine.go:415.74,420.2 4 0
servqueue/pkg/broker/engine.go:422.67,425.30 3 0
servqueue/pkg/broker/engine.go:425.30,427.3 1 0
servqueue/pkg/broker/engine.go:428.2,428.38 1 0
servqueue/pkg/broker/engine.go:431.55,435.2 3 0
servqueue/pkg/broker/engine.go:440.83,446.49 5 0
servqueue/pkg/broker/engine.go:446.49,447.41 1 0
servqueue/pkg/broker/engine.go:447.41,449.4 1 0
servqueue/pkg/broker/engine.go:454.60,459.2 4 0
servqueue/pkg/broker/engine.go:463.107,465.9 2 0
servqueue/pkg/broker/engine.go:465.9,467.3 1 0
servqueue/pkg/broker/engine.go:469.2,470.65 2 0
servqueue/pkg/broker/engine.go:470.65,472.3 1 0
servqueue/pkg/broker/engine.go:473.2,474.17 2 0
servqueue/pkg/broker/engine.go:474.17,480.3 1 0
servqueue/pkg/broker/engine.go:482.2,483.55 2 0
servqueue/pkg/broker/engine.go:483.55,485.3 1 0
servqueue/pkg/broker/engine.go:486.2,486.17 1 0
servqueue/pkg/broker/engine.go:486.17,488.3 1 0
servqueue/pkg/broker/engine.go:490.2,491.53 2 0
servqueue/pkg/broker/engine.go:491.53,493.3 1 0
servqueue/pkg/broker/engine.go:495.2,510.27 7 0
servqueue/pkg/broker/engine.go:510.27,511.10 1 0
servqueue/pkg/broker/engine.go:512.24,512.24 0 0
servqueue/pkg/broker/engine.go:513.21,514.10 1 0
servqueue/pkg/broker/engine.go:515.11,515.11 0 0
servqueue/pkg/broker/engine.go:518.2,519.18 2 0
servqueue/pkg/broker/engine.go:519.18,521.3 1 0
servqueue/pkg/broker/engine.go:525.60,532.2 5 0
servqueue/pkg/broker/engine.go:535.83,540.31 4 0
servqueue/pkg/broker/engine.go:540.31,542.3 1 0
servqueue/pkg/broker/engine.go:543.2,543.34 1 0
servqueue/pkg/broker/engine.go:543.34,545.3 1 0
servqueue/pkg/broker/engine.go:546.2,547.11 2 0
servqueue/pkg/broker/engine.go:551.84,556.32 4 0
servqueue/pkg/broker/engine.go:556.32,558.3 1 0
servqueue/pkg/broker/engine.go:559.2,560.11 2 0
servqueue/pkg/broker/engine.go:564.66,569.12 4 0
servqueue/pkg/broker/engine.go:569.12,570.28 1 0
servqueue/pkg/broker/engine.go:570.28,571.17 1 0
servqueue/pkg/broker/engine.go:571.17,575.5 3 0
servqueue/pkg/broker/engine.go:579.2,580.13 2 0
servqueue/pkg/broker/engine.go:580.13,581.37 1 0
servqueue/pkg/broker/engine.go:581.37,582.28 1 0
servqueue/pkg/broker/engine.go:582.28,583.18 1 0
servqueue/pkg/broker/engine.go:583.18,587.6 3 0
servqueue/pkg/broker/engine.go:592.2,593.14 2 0
servqueue/pkg/broker/engine.go:593.14,594.41 1 0
servqueue/pkg/broker/engine.go:594.41,595.28 1 0
servqueue/pkg/broker/engine.go:595.28,596.18 1 0
servqueue/pkg/broker/engine.go:596.18,598.49 2 0
servqueue/pkg/broker/engine.go:598.49,600.7 1 0
servqueue/pkg/broker/engine.go:601.6,602.12 2 0
servqueue/pkg/broker/engine.go:610.101,612.25 2 0
servqueue/pkg/broker/engine.go:612.25,613.54 1 0
servqueue/pkg/broker/engine.go:613.54,616.4 2 0
servqueue/pkg/broker/engine.go:617.3,619.50 3 0
servqueue/pkg/broker/engine.go:619.50,620.42 1 0
servqueue/pkg/broker/engine.go:620.42,622.5 1 0
servqueue/pkg/broker/engine.go:624.3,624.13 1 0
servqueue/pkg/broker/engine.go:626.2,629.16 3 0
servqueue/pkg/broker/engine.go:629.16,631.3 1 0
servqueue/pkg/broker/engine.go:633.2,634.48 2 0
servqueue/pkg/broker/engine.go:634.48,635.36 1 0
servqueue/pkg/broker/engine.go:635.36,638.4 2 0
servqueue/pkg/broker/engine.go:641.2,645.49 4 0
servqueue/pkg/broker/engine.go:645.49,646.41 1 0
servqueue/pkg/broker/engine.go:646.41,648.4 1 0
servqueue/pkg/broker/engine.go:650.2,650.12 1 0
servqueue/pkg/broker/engine.go:654.120,658.75 3 0
servqueue/pkg/broker/engine.go:658.75,659.70 1 0
servqueue/pkg/broker/engine.go:659.70,661.4 1 0
servqueue/pkg/broker/engine.go:663.2,663.23 1 0
servqueue/pkg/broker/engine.go:663.23,665.3 1 0
servqueue/pkg/broker/engine.go:667.2,667.42 1 0
servqueue/pkg/broker/engine.go:667.42,668.58 1 0
servqueue/pkg/broker/engine.go:668.58,670.4 1 0
servqueue/pkg/broker/engine.go:674.2,679.18 5 0
servqueue/pkg/broker/engine.go:679.18,681.3 1 0
servqueue/pkg/broker/engine.go:683.2,684.65 2 0
servqueue/pkg/broker/engine.go:684.65,686.3 1 0
servqueue/pkg/broker/engine.go:687.2,695.43 7 0
servqueue/pkg/broker/engine.go:695.43,698.18 3 0
servqueue/pkg/broker/engine.go:698.18,700.4 1 0
servqueue/pkg/broker/engine.go:701.3,714.17 7 0
servqueue/pkg/broker/engine.go:714.17,719.4 4 0
servqueue/pkg/broker/engine.go:722.2,723.52 2 0
servqueue/pkg/broker/engine.go:723.52,725.3 1 0
servqueue/pkg/broker/engine.go:725.8,725.62 1 0
servqueue/pkg/broker/engine.go:725.62,726.50 1 0
servqueue/pkg/broker/engine.go:726.50,728.4 1 0
servqueue/pkg/broker/engine.go:731.2,732.39 2 0
servqueue/pkg/broker/engine.go:732.39,735.3 2 0
servqueue/pkg/broker/engine.go:735.8,737.3 1 0
servqueue/pkg/broker/engine.go:739.2,740.23 2 0
servqueue/pkg/broker/engine.go:744.99,745.75 1 0
servqueue/pkg/broker/engine.go:745.75,747.3 1 0
servqueue/pkg/broker/engine.go:749.2,749.58 1 0
servqueue/pkg/broker/engine.go:749.58,751.3 1 0
servqueue/pkg/broker/engine.go:754.2,756.75 3 0
servqueue/pkg/broker/engine.go:756.75,757.70 1 0
servqueue/pkg/broker/engine.go:757.70,759.4 1 0
servqueue/pkg/broker/engine.go:761.2,761.23 1 0
servqueue/pkg/broker/engine.go:761.23,763.3 1 0
servqueue/pkg/broker/engine.go:765.2,765.42 1 0
servqueue/pkg/broker/engine.go:765.42,766.58 1 0
servqueue/pkg/broker/engine.go:766.58,768.4 1 0
servqueue/pkg/broker/engine.go:771.2,771.73 1 0
servqueue/pkg/broker/engine.go:771.73,772.60 1 0
servqueue/pkg/broker/engine.go:772.60,775.38 3 0
servqueue/pkg/broker/engine.go:775.38,777.5 1 0
servqueue/pkg/broker/engine.go:777.10,777.43 1 0
servqueue/pkg/broker/engine.go:777.43,779.5 1 0
servqueue/pkg/broker/engine.go:779.10,779.46 1 0
servqueue/pkg/broker/engine.go:779.46,781.5 1 0
servqueue/pkg/broker/engine.go:782.4,782.18 1 0
servqueue/pkg/broker/engine.go:782.18,785.36 3 0
servqueue/pkg/broker/engine.go:785.36,789.6 3 0
servqueue/pkg/broker/engine.go:790.5,791.26 2 0
servqueue/pkg/broker/engine.go:796.2,796.70 1 0
servqueue/pkg/broker/engine.go:796.70,797.26 1 0
servqueue/pkg/broker/engine.go:797.26,800.4 2 0
servqueue/pkg/broker/engine.go:803.2,805.18 2 0
servqueue/pkg/broker/engine.go:805.18,807.3 1 0
servqueue/pkg/broker/engine.go:809.2,809.74 1 0
servqueue/pkg/broker/engine.go:809.74,810.72 1 0
servqueue/pkg/broker/engine.go:810.72,812.19 2 0
servqueue/pkg/broker/engine.go:812.19,814.5 1 0
servqueue/pkg/broker/engine.go:815.4,826.71 5 0
servqueue/pkg/broker/engine.go:826.71,831.5 4 0
servqueue/pkg/broker/engine.go:832.4,832.23 1 0
servqueue/pkg/broker/engine.go:836.2,837.65 2 0
servqueue/pkg/broker/engine.go:837.65,839.3 1 0
servqueue/pkg/broker/engine.go:841.2,849.43 7 0
servqueue/pkg/broker/engine.go:849.43,853.18 3 0
servqueue/pkg/broker/engine.go:853.18,855.4 1 0
servqueue/pkg/broker/engine.go:856.3,869.17 7 0
servqueue/pkg/broker/engine.go:869.17,876.4 4 0
servqueue/pkg/broker/engine.go:879.2,880.52 2 0
servqueue/pkg/broker/engine.go:880.52,882.3 1 0
servqueue/pkg/broker/engine.go:882.8,882.62 1 0
servqueue/pkg/broker/engine.go:882.62,883.50 1 0
servqueue/pkg/broker/engine.go:883.50,885.4 1 0
servqueue/pkg/broker/engine.go:888.2,890.42 3 0
servqueue/pkg/broker/engine.go:890.42,893.3 2 0
servqueue/pkg/broker/engine.go:893.8,895.3 1 0
servqueue/pkg/broker/engine.go:897.2,903.23 2 0
servqueue/pkg/broker/engine.go:906.104,908.65 2 0
servqueue/pkg/broker/engine.go:908.65,910.3 1 0
servqueue/pkg/broker/engine.go:912.2,920.43 7 0
servqueue/pkg/broker/engine.go:920.43,922.18 2 0
servqueue/pkg/broker/engine.go:922.18,924.4 1 0
servqueue/pkg/broker/engine.go:925.3,936.17 6 0
servqueue/pkg/broker/engine.go:936.17,940.4 3 0
servqueue/pkg/broker/engine.go:943.2,945.45 3 0
servqueue/pkg/broker/engine.go:945.45,946.33 1 0
servqueue/pkg/broker/engine.go:946.33,948.4 1 0
servqueue/pkg/broker/engine.go:950.2,951.45 2 0
servqueue/pkg/broker/engine.go:951.45,952.33 1 0
servqueue/pkg/broker/engine.go:952.33,953.39 1 0
servqueue/pkg/broker/engine.go:953.39,955.5 1 0
servqueue/pkg/broker/engine.go:958.2,960.27 2 0
servqueue/pkg/broker/engine.go:960.27,961.10 1 0
servqueue/pkg/broker/engine.go:962.25,962.25 0 0
servqueue/pkg/broker/engine.go:963.11,963.11 0 0
servqueue/pkg/broker/engine.go:967.2,967.38 1 0
servqueue/pkg/broker/engine.go:967.38,968.22 1 0
servqueue/pkg/broker/engine.go:968.22,969.12 1 0
servqueue/pkg/broker/engine.go:971.3,972.35 2 0
servqueue/pkg/broker/engine.go:972.35,974.4 1 0
servqueue/pkg/broker/engine.go:975.3,980.10 5 0
servqueue/pkg/broker/engine.go:981.32,981.32 0 0
servqueue/pkg/broker/engine.go:982.11,982.11 0 0
servqueue/pkg/broker/engine.go:986.2,987.23 2 0
servqueue/pkg/broker/engine.go:990.68,991.18 1 0
servqueue/pkg/broker/engine.go:991.18,993.3 1 0
servqueue/pkg/broker/engine.go:994.2,994.24 1 0
servqueue/pkg/broker/engine.go:997.62,1002.34 4 0
servqueue/pkg/broker/engine.go:1002.34,1004.3 1 0
servqueue/pkg/broker/engine.go:1005.2,1005.13 1 0
servqueue/pkg/broker/engine.go:1008.61,1011.34 3 0
servqueue/pkg/broker/engine.go:1011.34,1013.3 1 0
servqueue/pkg/broker/engine.go:1014.2,1014.37 1 0
servqueue/pkg/broker/engine.go:1017.72,1020.34 3 0
servqueue/pkg/broker/engine.go:1020.34,1022.3 1 0
servqueue/pkg/broker/engine.go:1023.2,1023.39 1 0
servqueue/pkg/broker/engine.go:1026.124,1027.18 1 0
servqueue/pkg/broker/engine.go:1027.18,1029.3 1 0
servqueue/pkg/broker/engine.go:1031.2,1032.16 2 0
servqueue/pkg/broker/engine.go:1032.16,1034.3 1 0
servqueue/pkg/broker/engine.go:1036.2,1037.32 2 0
servqueue/pkg/broker/engine.go:1037.32,1038.27 1 0
servqueue/pkg/broker/engine.go:1038.27,1040.4 1 0
servqueue/pkg/broker/engine.go:1043.2,1043.60 1 0
servqueue/pkg/broker/engine.go:1043.60,1045.3 1 0
servqueue/pkg/broker/engine.go:1047.2,1051.50 5 0
servqueue/pkg/broker/engine.go:1051.50,1053.3 1 0
servqueue/pkg/broker/engine.go:1054.2,1056.54 2 0
servqueue/pkg/broker/engine.go:1056.54,1064.44 6 0
servqueue/pkg/broker/engine.go:1064.44,1065.90 1 0
servqueue/pkg/broker/engine.go:1065.90,1067.5 1 0
servqueue/pkg/broker/engine.go:1070.3,1070.22 1 0
servqueue/pkg/broker/engine.go:1070.22,1071.22 1 0
servqueue/pkg/broker/engine.go:1071.22,1073.37 2 0
servqueue/pkg/broker/engine.go:1073.37,1075.6 1 0
servqueue/pkg/broker/engine.go:1076.5,1081.12 5 0
servqueue/pkg/broker/engine.go:1082.34,1083.13 1 0
servqueue/pkg/broker/engine.go:1084.13,1084.13 0 0
servqueue/pkg/broker/engine.go:1087.9,1088.29 1 0
servqueue/pkg/broker/engine.go:1088.29,1089.12 1 0
servqueue/pkg/broker/engine.go:1090.27,1090.27 0 0
servqueue/pkg/broker/engine.go:1091.13,1091.13 0 0
servqueue/pkg/broker/engine.go:1094.4,1094.11 1 0
servqueue/pkg/broker/engine.go:1098.2,1098.19 1 0
servqueue/pkg/broker/engine.go:1101.45,1102.22 1 0
servqueue/pkg/broker/engine.go:1102.22,1104.3 1 0
servqueue/pkg/broker/engine.go:1105.2,1105.20 1 0
servqueue/pkg/broker/engine.go:1105.20,1107.3 1 0
servqueue/pkg/broker/engine.go:1108.2,1111.35 3 0
servqueue/pkg/broker/engine.go:1111.35,1113.19 2 0
servqueue/pkg/broker/engine.go:1113.19,1115.4 1 0
servqueue/pkg/broker/engine.go:1116.3,1116.23 1 0
servqueue/pkg/broker/engine.go:1116.23,1118.4 1 0
servqueue/pkg/broker/engine.go:1119.3,1119.19 1 0
servqueue/pkg/broker/engine.go:1119.19,1120.12 1 0
servqueue/pkg/broker/engine.go:1122.3,1122.25 1 0
servqueue/pkg/broker/engine.go:1122.25,1124.4 1 0
servqueue/pkg/broker/engine.go:1126.2,1126.35 1 0
servqueue/pkg/broker/engine.go:1129.58,1131.50 2 0
servqueue/pkg/broker/engine.go:1131.50,1132.32 1 0
servqueue/pkg/broker/engine.go:1132.32,1134.4 1 0
servqueue/pkg/broker/engine.go:1134.9,1134.42 1 0
servqueue/pkg/broker/engine.go:1134.42,1135.50 1 0
servqueue/pkg/broker/engine.go:1135.50,1137.5 1 0
servqueue/pkg/broker/engine.go:1138.9,1138.41 1 0
servqueue/pkg/broker/engine.go:1138.41,1140.4 1 0
servqueue/pkg/broker/engine.go:1141.8,1141.54 1 0
servqueue/pkg/broker/engine.go:1141.54,1142.32 1 0
servqueue/pkg/broker/engine.go:1142.32,1144.4 1 0
servqueue/pkg/broker/engine.go:1144.9,1144.42 1 0
servqueue/pkg/broker/engine.go:1144.42,1145.50 1 0
servqueue/pkg/broker/engine.go:1145.50,1147.5 1 0
servqueue/pkg/broker/engine.go:1148.9,1148.41 1 0
servqueue/pkg/broker/engine.go:1148.41,1150.4 1 0
servqueue/pkg/broker/engine.go:1153.2,1153.15 1 0
servqueue/pkg/broker/engine.go:1153.15,1155.3 1 0
servqueue/pkg/broker/engine.go:1156.2,1156.20 1 0
servqueue/pkg/broker/engine.go:1159.114,1161.2 1 0
servqueue/pkg/broker/federation_oss.go:8.77,10.2 1 0
servqueue/pkg/broker/priority.go:22.32,22.49 1 0
servqueue/pkg/broker/priority.go:23.42,25.36 1 0
servqueue/pkg/broker/priority.go:25.36,27.3 1 0
servqueue/pkg/broker/priority.go:29.2,29.38 1 0
servqueue/pkg/broker/priority.go:31.37,35.2 3 0
servqueue/pkg/broker/priority.go:36.43,41.2 4 0
servqueue/pkg/broker/priority.go:42.41,50.2 7 0
servqueue/pkg/broker/priority.go:61.40,67.2 3 0
servqueue/pkg/broker/priority.go:70.96,72.2 1 0
servqueue/pkg/broker/priority.go:75.115,90.2 6 0
servqueue/pkg/broker/priority.go:93.36,99.27 4 0
servqueue/pkg/broker/priority.go:99.27,100.20 1 0
servqueue/pkg/broker/priority.go:100.20,101.12 1 0
servqueue/pkg/broker/priority.go:103.3,104.46 2 0
servqueue/pkg/broker/priority.go:104.46,106.4 1 0
servqueue/pkg/broker/priority.go:110.2,111.27 2 0
servqueue/pkg/broker/priority.go:111.27,112.20 1 0
servqueue/pkg/broker/priority.go:112.20,114.12 2 0
servqueue/pkg/broker/priority.go:116.3,116.29 1 0
servqueue/pkg/broker/priority.go:116.29,118.4 1 0
servqueue/pkg/broker/priority.go:121.2,122.18 2 0
servqueue/pkg/broker/priority.go:126.49,130.21 3 0
servqueue/pkg/broker/priority.go:130.21,132.3 1 0
servqueue/pkg/broker/priority.go:134.2,135.12 2 0
servqueue/pkg/broker/priority.go:139.68,143.20 3 0
servqueue/pkg/broker/priority.go:143.20,145.3 1 0
servqueue/pkg/broker/priority.go:147.2,148.18 2 0
servqueue/pkg/broker/priority.go:152.36,156.2 3 0
servqueue/pkg/broker/raft.go:28.79,34.2 1 0
servqueue/pkg/broker/raft.go:36.34,38.16 2 0
servqueue/pkg/broker/raft.go:38.16,40.3 1 0
servqueue/pkg/broker/raft.go:41.2,44.23 2 0
servqueue/pkg/broker/raft.go:44.23,46.3 1 0
servqueue/pkg/broker/raft.go:48.2,49.12 2 0
servqueue/pkg/broker/raft.go:52.45,56.2 3 0
servqueue/pkg/broker/raft.go:58.40,59.6 1 0
servqueue/pkg/broker/raft.go:59.6,61.17 2 0
servqueue/pkg/broker/raft.go:61.17,63.4 1 0
servqueue/pkg/broker/raft.go:64.3,64.30 1 0
servqueue/pkg/broker/raft.go:68.52,71.59 3 0
servqueue/pkg/broker/raft.go:71.59,73.3 1 0
servqueue/pkg/broker/raft.go:76.2,77.16 2 0
servqueue/pkg/broker/raft.go:78.28,79.64 1 0
servqueue/pkg/broker/raft.go:80.17,81.48 1 0
servqueue/pkg/broker/raft.go:82.25,83.54 1 0
servqueue/pkg/broker/raft.go:87.109,92.10 4 0
servqueue/pkg/broker/raft.go:92.10,94.3 1 0
servqueue/pkg/broker/raft.go:96.2,105.31 3 0
servqueue/pkg/broker/raft.go:105.31,106.21 1 0
servqueue/pkg/broker/raft.go:106.21,108.18 2 0
servqueue/pkg/broker/raft.go:108.18,111.5 2 0
servqueue/pkg/broker/raft.go:112.4,113.30 2 0
servqueue/pkg/broker/raft.go:118.28,119.23 1 0
servqueue/pkg/broker/raft.go:119.23,121.3 1 0
servqueue/pkg/broker/ratelimit.go:18.66,25.2 1 0
servqueue/pkg/broker/ratelimit.go:28.37,37.29 7 0
servqueue/pkg/broker/ratelimit.go:37.29,39.3 1 0
servqueue/pkg/broker/ratelimit.go:41.2,41.22 1 0
servqueue/pkg/broker/ratelimit.go:41.22,44.3 2 0
servqueue/pkg/broker/ratelimit.go:46.2,46.14 1 0
servqueue/pkg/broker/schema.go:10.70,11.22 1 0
servqueue/pkg/broker/schema.go:11.22,13.3 1 0
servqueue/pkg/broker/schema.go:15.2,16.63 2 0
servqueue/pkg/broker/schema.go:16.63,18.3 1 0
servqueue/pkg/broker/schema.go:20.2,20.34 1 0
servqueue/pkg/broker/schema.go:20.34,25.27 4 0
servqueue/pkg/broker/schema.go:25.27,27.23 2 0
servqueue/pkg/broker/schema.go:27.23,29.5 1 0
servqueue/pkg/broker/schema.go:29.10,29.22 1 0
servqueue/pkg/broker/schema.go:29.22,31.5 1 0
servqueue/pkg/broker/schema.go:34.3,35.28 2 0
servqueue/pkg/broker/schema.go:35.28,36.16 1 0
servqueue/pkg/broker/schema.go:36.16,38.5 1 0
servqueue/pkg/broker/schema.go:39.4,39.12 1 0
servqueue/pkg/broker/schema.go:42.3,42.23 1 0
servqueue/pkg/broker/schema.go:43.17,44.34 1 0
servqueue/pkg/broker/schema.go:44.34,46.5 1 0
servqueue/pkg/broker/schema.go:47.25,49.11 2 0
servqueue/pkg/broker/schema.go:49.11,51.5 1 0
servqueue/pkg/broker/schema.go:52.4,52.38 1 0
servqueue/pkg/broker/schema.go:52.38,54.5 1 0
servqueue/pkg/broker/schema.go:55.26,56.32 1 0
servqueue/pkg/broker/schema.go:56.32,58.5 1 0
servqueue/pkg/broker/schema.go:59.26,60.35 1 0
servqueue/pkg/broker/schema.go:60.35,62.5 1 0
servqueue/pkg/broker/schema.go:65.2,65.12 1 0
servqueue/pkg/broker/timewheel.go:24.70,26.34 2 0
servqueue/pkg/broker/timewheel.go:26.34,28.3 1 0
servqueue/pkg/broker/timewheel.go:29.2,34.3 1 0
servqueue/pkg/broker/timewheel.go:38.30,41.2 2 0
servqueue/pkg/broker/timewheel.go:44.29,45.22 1 0
servqueue/pkg/broker/timewheel.go:45.22,47.3 1 0
servqueue/pkg/broker/timewheel.go:48.2,48.20 1 0
servqueue/pkg/broker/timewheel.go:51.28,52.6 1 0
servqueue/pkg/broker/timewheel.go:52.6,53.10 1 0
servqueue/pkg/broker/timewheel.go:54.22,55.13 1 0
servqueue/pkg/broker/timewheel.go:56.22,57.10 1 0
servqueue/pkg/broker/timewheel.go:62.29,66.32 4 0
servqueue/pkg/broker/timewheel.go:66.32,69.20 3 0
servqueue/pkg/broker/timewheel.go:69.20,72.4 2 0
servqueue/pkg/broker/timewheel.go:72.9,74.4 1 0
servqueue/pkg/broker/timewheel.go:75.3,75.11 1 0
servqueue/pkg/broker/timewheel.go:77.2,80.33 3 0
servqueue/pkg/broker/timewheel.go:80.33,82.3 1 0
servqueue/pkg/broker/timewheel.go:86.63,91.15 4 0
servqueue/pkg/broker/timewheel.go:91.15,93.3 1 0
servqueue/pkg/broker/timewheel.go:95.2,101.4 3 0
servqueue/pkg/broker/wasm.go:35.64,37.17 2 0
servqueue/pkg/broker/wasm.go:37.17,43.21 4 0
servqueue/pkg/broker/wasm.go:43.21,45.4 1 0
servqueue/pkg/broker/wasm.go:46.3,48.22 3 0
servqueue/pkg/broker/wasm.go:48.22,50.4 1 0
servqueue/pkg/broker/wasm.go:52.3,55.79 2 0
servqueue/pkg/broker/wasm.go:55.79,58.4 2 0
servqueue/pkg/broker/wasm.go:60.3,63.4 1 0
servqueue/pkg/broker/wasm.go:65.2,65.27 1 0
servqueue/pkg/broker/wasm.go:68.101,72.2 3 0
servqueue/pkg/broker/wasm.go:74.141,80.13 5 0
servqueue/pkg/broker/wasm.go:80.13,83.3 2 0
servqueue/pkg/broker/wasm.go:84.2,89.9 4 0
servqueue/pkg/broker/wasm.go:90.22,92.16 2 0
servqueue/pkg/broker/wasm.go:93.10,93.10 0 0
servqueue/pkg/broker/wasm.go:96.2,107.16 5 0
servqueue/pkg/broker/wasm.go:107.16,112.17 5 0
servqueue/pkg/broker/wasm.go:112.17,114.32 2 0
servqueue/pkg/broker/wasm.go:114.32,115.32 1 0
servqueue/pkg/broker/wasm.go:115.32,117.6 1 0
servqueue/pkg/broker/wasm.go:118.10,120.5 1 0
servqueue/pkg/broker/wasm.go:124.2,124.16 1 0
servqueue/pkg/broker/wasm.go:124.16,126.21 2 0
servqueue/pkg/broker/wasm.go:126.21,128.4 1 0
servqueue/pkg/broker/wasm.go:129.3,131.43 2 0
servqueue/pkg/broker/wasm.go:131.43,136.43 4 0
servqueue/pkg/broker/wasm.go:136.43,138.50 2 0
servqueue/pkg/broker/wasm.go:138.50,140.48 2 0
servqueue/pkg/broker/wasm.go:140.48,145.72 4 0
servqueue/pkg/broker/wasm.go:145.72,149.15 2 0
servqueue/pkg/broker/wasm.go:150.25,151.27 1 0
servqueue/pkg/broker/wasm.go:152.16,152.16 0 0
servqueue/pkg/broker/wasm.go:154.8,155.26 2 0
servqueue/pkg/broker/wasm.go:162.3,162.14 1 0
servqueue/pkg/broker/wasm.go:162.14,164.4 1 0
servqueue/pkg/broker/wasm.go:164.9,166.4 1 0
servqueue/pkg/broker/wasm.go:169.2,169.29 1 0
servqueue/pkg/otel/otel.go:9.13,11.2 1 0
servqueue/pkg/otel/otel.go:13.31,15.2 1 0
servqueue/pkg/otel/otel.go:17.30,19.2 1 0
servqueue/pkg/otel/otel.go:21.55,23.2 1 0
servqueue/pkg/otel/otel.go:25.72,27.2 1 0
servqueue/pkg/web/errors.go:15.98,17.14 2 0
servqueue/pkg/web/errors.go:17.14,19.24 2 0
servqueue/pkg/web/errors.go:19.24,21.23 2 0
servqueue/pkg/web/errors.go:21.23,23.5 1 0
servqueue/pkg/web/errors.go:26.2,32.4 3 0
servqueue/pkg/web/eventstore.go:26.13,29.16 3 0
servqueue/pkg/web/eventstore.go:29.16,30.27 1 0
servqueue/pkg/web/eventstore.go:30.27,31.58 1 0
servqueue/pkg/web/eventstore.go:31.58,35.19 4 0
servqueue/pkg/web/eventstore.go:35.19,38.10 3 0
servqueue/pkg/web/eventstore.go:38.10,40.45 2 0
servqueue/pkg/web/eventstore.go:40.45,41.13 1 0
servqueue/pkg/web/eventstore.go:43.7,43.30 1 0
servqueue/pkg/web/eventstore.go:45.6,46.34 2 0
servqueue/pkg/web/eventstore.go:53.71,57.20 3 0
servqueue/pkg/web/eventstore.go:57.20,60.3 2 0
servqueue/pkg/web/eventstore.go:61.2,62.18 2 0
servqueue/pkg/web/eventstore.go:62.18,65.3 2 0
servqueue/pkg/web/eventstore.go:67.2,67.45 1 0
servqueue/pkg/web/eventstore.go:67.45,72.21 4 0
servqueue/pkg/web/eventstore.go:72.21,75.4 2 0
servqueue/pkg/web/eventstore.go:76.3,79.9 2 0
servqueue/pkg/web/eventstore.go:82.2,82.18 1 0
servqueue/pkg/web/eventstore.go:83.23,88.64 2 0
servqueue/pkg/web/eventstore.go:88.64,91.4 2 0
servqueue/pkg/web/eventstore.go:93.3,108.17 9 0
servqueue/pkg/web/eventstore.go:108.17,111.4 2 0
servqueue/pkg/web/eventstore.go:113.3,114.32 2 0
servqueue/pkg/web/eventstore.go:116.22,123.23 6 0
servqueue/pkg/web/eventstore.go:123.23,124.71 1 0
servqueue/pkg/web/eventstore.go:124.71,126.5 1 0
servqueue/pkg/web/eventstore.go:129.3,130.27 2 0
servqueue/pkg/web/eventstore.go:130.27,131.30 1 0
servqueue/pkg/web/eventstore.go:131.30,133.5 1 0
servqueue/pkg/web/eventstore.go:136.3,136.38 1 0
servqueue/pkg/web/eventstore.go:138.10,139.79 1 0
servqueue/pkg/web/server.go:36.101,44.2 1 0
servqueue/pkg/web/server.go:46.32,77.39 26 0
servqueue/pkg/web/server.go:77.39,79.3 1 0
servqueue/pkg/web/server.go:80.2,80.35 1 0
servqueue/pkg/web/server.go:83.54,84.22 1 0
servqueue/pkg/web/server.go:84.22,86.3 1 0
servqueue/pkg/web/server.go:87.2,87.12 1 0
servqueue/pkg/web/server.go:90.52,92.51 1 0
servqueue/pkg/web/server.go:92.51,94.3 1 0
servqueue/pkg/web/server.go:96.2,97.66 2 0
servqueue/pkg/web/server.go:97.66,99.59 2 0
servqueue/pkg/web/server.go:99.59,100.63 1 0
servqueue/pkg/web/server.go:100.63,101.68 1 0
servqueue/pkg/web/server.go:101.68,103.6 1 0
servqueue/pkg/web/server.go:104.5,104.74 1 0
servqueue/pkg/web/server.go:104.74,106.6 1 0
servqueue/pkg/web/server.go:110.2,110.11 1 0
servqueue/pkg/web/server.go:113.78,114.18 1 0
servqueue/pkg/web/server.go:114.18,116.3 1 0
servqueue/pkg/web/server.go:118.2,118.34 1 0
servqueue/pkg/web/server.go:118.34,120.25 2 0
servqueue/pkg/web/server.go:120.25,122.4 1 0
servqueue/pkg/web/server.go:123.3,123.20 1 0
servqueue/pkg/web/server.go:125.2,125.34 1 0
servqueue/pkg/web/server.go:128.75,129.71 1 0
servqueue/pkg/web/server.go:129.71,130.58 1 0
servqueue/pkg/web/server.go:130.58,133.4 2 0
servqueue/pkg/web/server.go:135.3,135.24 1 0
servqueue/pkg/web/server.go:135.24,140.4 4 0
servqueue/pkg/web/server.go:142.3,143.23 2 0
servqueue/pkg/web/server.go:143.23,146.4 2 0
servqueue/pkg/web/server.go:148.3,151.27 4 0
servqueue/pkg/web/server.go:151.27,153.4 1 0
servqueue/pkg/web/server.go:153.9,153.66 1 0
servqueue/pkg/web/server.go:153.66,154.63 1 0
servqueue/pkg/web/server.go:154.63,156.58 2 0
servqueue/pkg/web/server.go:156.58,158.6 1 0
servqueue/pkg/web/server.go:158.11,158.67 1 0
servqueue/pkg/web/server.go:158.67,160.6 1 0
servqueue/pkg/web/server.go:164.3,164.21 1 0
servqueue/pkg/web/server.go:164.21,167.4 2 0
servqueue/pkg/web/server.go:169.3,169.19 1 0
servqueue/pkg/web/server.go:169.19,171.4 1 0
servqueue/pkg/web/server.go:173.3,174.40 2 0
servqueue/pkg/web/server.go:178.75,179.32 1 0
servqueue/pkg/web/server.go:179.32,182.3 2 0
servqueue/pkg/web/server.go:183.2,186.18 4 0
servqueue/pkg/web/server.go:186.18,188.3 1 0
servqueue/pkg/web/server.go:188.8,192.31 2 0
servqueue/pkg/web/server.go:192.31,193.41 1 0
servqueue/pkg/web/server.go:193.41,195.5 1 0
servqueue/pkg/web/server.go:198.2,198.19 1 0
servqueue/pkg/web/server.go:198.19,200.3 1 0
servqueue/pkg/web/server.go:201.2,205.4 2 0
servqueue/pkg/web/server.go:208.71,211.41 3 0
servqueue/pkg/web/server.go:211.41,214.3 2 0
servqueue/pkg/web/server.go:214.8,214.28 1 0
servqueue/pkg/web/server.go:214.28,217.3 2 0
servqueue/pkg/web/server.go:217.8,220.3 2 0
servqueue/pkg/web/server.go:222.2,224.16 3 0
servqueue/pkg/web/server.go:224.16,227.3 2 0
servqueue/pkg/web/server.go:229.2,229.16 1 0
servqueue/pkg/web/server.go:230.19,231.51 1 0
servqueue/pkg/web/server.go:232.13,233.42 1 0
servqueue/pkg/web/server.go:233.42,234.20 1 0
servqueue/pkg/web/server.go:235.19,236.46 1 0
servqueue/pkg/web/server.go:237.18,238.45 1 0
servqueue/pkg/web/server.go:239.19,240.46 1 0
servqueue/pkg/web/server.go:241.12,242.47 1 0
servqueue/pkg/web/server.go:244.9,244.49 1 0
servqueue/pkg/web/server.go:244.49,245.20 1 0
servqueue/pkg/web/server.go:246.19,247.46 1 0
servqueue/pkg/web/server.go:248.18,249.45 1 0
servqueue/pkg/web/server.go:250.19,251.46 1 0
servqueue/pkg/web/server.go:252.12,253.47 1 0
servqueue/pkg/web/server.go:255.9,257.4 1 0
servqueue/pkg/web/server.go:258.16,259.48 1 0
servqueue/pkg/web/server.go:260.19,261.43 1 0
servqueue/pkg/web/server.go:262.10,263.74 1 0
servqueue/pkg/web/server.go:267.89,268.32 1 0
servqueue/pkg/web/server.go:268.32,271.3 2 0
servqueue/pkg/web/server.go:272.2,273.16 2 0
servqueue/pkg/web/server.go:273.16,276.3 2 0
servqueue/pkg/web/server.go:277.2,278.36 2 0
servqueue/pkg/web/server.go:281.88,282.32 1 0
servqueue/pkg/web/server.go:282.32,285.3 2 0
servqueue/pkg/web/server.go:286.2,287.16 2 0
servqueue/pkg/web/server.go:287.16,290.3 2 0
servqueue/pkg/web/server.go:291.2,292.36 2 0
servqueue/pkg/web/server.go:295.89,296.33 1 0
servqueue/pkg/web/server.go:296.33,299.3 2 0
servqueue/pkg/web/server.go:300.2,304.61 2 0
servqueue/pkg/web/server.go:304.61,307.3 2 0
servqueue/pkg/web/server.go:309.2,310.16 2 0
servqueue/pkg/web/server.go:310.16,313.3 2 0
servqueue/pkg/web/server.go:315.2,316.28 2 0
servqueue/pkg/web/server.go:316.28,317.35 1 0
servqueue/pkg/web/server.go:317.35,319.9 2 0
servqueue/pkg/web/server.go:322.2,322.23 1 0
servqueue/pkg/web/server.go:322.23,324.3 1 0
servqueue/pkg/web/server.go:326.2,327.16 2 0
servqueue/pkg/web/server.go:327.16,330.3 2 0
servqueue/pkg/web/server.go:331.2,332.41 2 0
servqueue/pkg/web/server.go:335.88,336.32 1 0
servqueue/pkg/web/server.go:336.32,339.3 2 0
servqueue/pkg/web/server.go:340.2,341.16 2 0
servqueue/pkg/web/server.go:341.16,344.3 2 0
servqueue/pkg/web/server.go:345.2,346.38 2 0
servqueue/pkg/web/server.go:349.93,350.33 1 0
servqueue/pkg/web/server.go:350.33,353.3 2 0
servqueue/pkg/web/server.go:355.2,356.64 2 0
servqueue/pkg/web/server.go:356.64,359.3 2 0
servqueue/pkg/web/server.go:361.2,363.57 3 0
servqueue/pkg/web/server.go:366.96,367.33 1 0
servqueue/pkg/web/server.go:367.33,370.3 2 0
servqueue/pkg/web/server.go:372.2,373.16 2 0
servqueue/pkg/web/server.go:373.16,376.3 2 0
servqueue/pkg/web/server.go:378.2,378.25 1 0
servqueue/pkg/web/server.go:378.25,383.3 4 0
servqueue/pkg/web/server.go:385.2,386.16 2 0
servqueue/pkg/web/server.go:386.16,389.3 2 0
servqueue/pkg/web/server.go:390.2,391.65 2 0
servqueue/pkg/web/server.go:394.90,395.32 1 0
servqueue/pkg/web/server.go:395.32,397.10 2 0
servqueue/pkg/web/server.go:397.10,399.4 1 0
servqueue/pkg/web/server.go:401.3,402.17 2 0
servqueue/pkg/web/server.go:402.17,405.4 2 0
servqueue/pkg/web/server.go:407.3,417.36 3 0
servqueue/pkg/web/server.go:417.36,418.31 1 0
servqueue/pkg/web/server.go:418.31,427.76 7 0
servqueue/pkg/web/server.go:427.76,428.51 1 0
servqueue/pkg/web/server.go:428.51,429.58 1 0
servqueue/pkg/web/server.go:429.58,431.8 1 0
servqueue/pkg/web/server.go:432.7,432.53 1 0
servqueue/pkg/web/server.go:432.53,434.8 1 0
servqueue/pkg/web/server.go:435.7,435.54 1 0
servqueue/pkg/web/server.go:435.54,437.8 1 0
servqueue/pkg/web/server.go:438.7,438.56 1 0
servqueue/pkg/web/server.go:438.56,440.8 1 0
servqueue/pkg/web/server.go:441.7,441.58 1 0
servqueue/pkg/web/server.go:441.58,443.8 1 0
servqueue/pkg/web/server.go:447.5,454.7 1 0
servqueue/pkg/web/server.go:458.3,460.9 3 0
servqueue/pkg/web/server.go:463.2,463.33 1 0
servqueue/pkg/web/server.go:463.33,466.3 2 0
servqueue/pkg/web/server.go:468.2,472.61 2 0
servqueue/pkg/web/server.go:472.61,475.3 2 0
servqueue/pkg/web/server.go:477.2,477.24 1 0
servqueue/pkg/web/server.go:477.24,480.3 2 0
servqueue/pkg/web/server.go:482.2,484.16 3 0
servqueue/pkg/web/server.go:484.16,487.3 2 0
servqueue/pkg/web/server.go:489.2,491.76 3 0
servqueue/pkg/web/server.go:494.72,495.33 1 0
servqueue/pkg/web/server.go:495.33,498.3 2 0
servqueue/pkg/web/server.go:500.2,506.61 2 0
servqueue/pkg/web/server.go:506.61,509.3 2 0
servqueue/pkg/web/server.go:511.2,513.16 3 0
servqueue/pkg/web/server.go:513.16,516.3 2 0
servqueue/pkg/web/server.go:519.2,520.49 2 0
servqueue/pkg/web/server.go:520.49,522.3 1 0
servqueue/pkg/web/server.go:523.2,523.25 1 0
servqueue/pkg/web/server.go:523.25,525.3 1 0
servqueue/pkg/web/server.go:525.8,525.61 1 0
servqueue/pkg/web/server.go:525.61,527.3 1 0
servqueue/pkg/web/server.go:528.2,528.57 1 0
servqueue/pkg/web/server.go:528.57,530.3 1 0
servqueue/pkg/web/server.go:531.2,531.58 1 0
servqueue/pkg/web/server.go:531.58,533.3 1 0
servqueue/pkg/web/server.go:534.2,534.43 1 0
servqueue/pkg/web/server.go:534.43,536.3 1 0
servqueue/pkg/web/server.go:538.2,539.16 2 0
servqueue/pkg/web/server.go:539.16,540.43 1 0
servqueue/pkg/web/server.go:540.43,543.4 2 0
servqueue/pkg/web/server.go:544.3,545.9 2 0
servqueue/pkg/web/server.go:548.2,549.88 2 0
servqueue/pkg/web/server.go:552.70,556.23 3 0
servqueue/pkg/web/server.go:556.23,558.3 1 0
servqueue/pkg/web/server.go:559.2,560.24 2 0
servqueue/pkg/web/server.go:560.24,562.3 1 0
servqueue/pkg/web/server.go:564.2,574.4 1 0
servqueue/pkg/web/server.go:577.82,581.23 4 0
servqueue/pkg/web/server.go:581.23,583.3 1 0
servqueue/pkg/web/server.go:585.2,604.52 16 0
servqueue/pkg/web/server.go:607.71,614.18 2 0
servqueue/pkg/web/server.go:615.23,616.62 1 0
servqueue/pkg/web/server.go:616.62,619.4 2 0
servqueue/pkg/web/server.go:620.22,623.58 3 0
servqueue/pkg/web/server.go:623.58,624.67 1 0
servqueue/pkg/web/server.go:624.67,626.5 1 0
servqueue/pkg/web/server.go:628.10,630.9 2 0
servqueue/pkg/web/server.go:633.2,633.21 1 0
servqueue/pkg/web/server.go:633.21,636.3 2 0
servqueue/pkg/web/server.go:638.2,640.16 3 0
servqueue/pkg/web/server.go:640.16,643.3 2 0
servqueue/pkg/web/server.go:645.2,646.16 2 0
servqueue/pkg/web/server.go:646.16,649.3 2 0
servqueue/pkg/web/server.go:651.2,656.4 2 0
servqueue/pkg/web/server.go:659.72,661.18 2 0
servqueue/pkg/web/server.go:662.22,665.33 3 0
servqueue/pkg/web/server.go:665.33,668.4 2 0
servqueue/pkg/web/server.go:669.3,670.17 2 0
servqueue/pkg/web/server.go:670.17,673.4 2 0
servqueue/pkg/web/server.go:674.3,680.5 3 0
servqueue/pkg/web/server.go:681.23,687.62 2 0
servqueue/pkg/web/server.go:687.62,690.4 2 0
servqueue/pkg/web/server.go:691.3,691.41 1 0
servqueue/pkg/web/server.go:691.41,694.4 2 0
servqueue/pkg/web/server.go:695.3,696.17 2 0
servqueue/pkg/web/server.go:696.17,699.4 2 0
servqueue/pkg/web/server.go:700.3,705.5 3 0
servqueue/pkg/web/server.go:706.10,707.100 1 0
servqueue/pkg/web/server.go:711.84,713.21 2 0
servqueue/pkg/web/server.go:713.21,715.3 1 0
servqueue/pkg/web/server.go:717.2,726.54 6 0
servqueue/pkg/web/server.go:726.54,728.3 1 0
servqueue/pkg/web/server.go:731.2,732.16 2 0
servqueue/pkg/web/server.go:732.16,734.3 1 0
servqueue/pkg/web/server.go:736.2,737.62 2 0
servqueue/pkg/web/server.go:737.62,739.3 1 0
servqueue/pkg/web/server.go:742.2,742.45 1 0
servqueue/pkg/web/server.go:742.45,744.30 2 0
servqueue/pkg/web/server.go:745.16,746.19 1 0
servqueue/pkg/web/server.go:747.14,748.12 1 0
servqueue/pkg/web/server.go:749.15,750.41 1 0
servqueue/pkg/web/server.go:752.3,752.41 1 0
servqueue/pkg/web/server.go:752.41,754.4 1 0
servqueue/pkg/web/server.go:757.2,757.21 1 0
servqueue/pkg/web/server.go:760.65,762.9 2 0
servqueue/pkg/web/server.go:762.9,764.3 1 0
servqueue/pkg/web/server.go:765.2,766.23 2 0
servqueue/pkg/web/server.go:769.48,770.28 1 0
servqueue/pkg/web/server.go:770.28,772.3 1 0
servqueue/pkg/web/server.go:773.2,775.43 3 0
servqueue/pkg/web/server.go:779.42,781.3 1 0
servqueue/pkg/web/server.go:784.72,786.16 2 0
servqueue/pkg/web/server.go:786.16,789.3 2 0
servqueue/pkg/web/server.go:790.2,795.6 4 0
servqueue/pkg/web/server.go:795.6,796.10 1 0
servqueue/pkg/web/server.go:797.19,799.25 2 0
servqueue/pkg/web/server.go:799.25,801.5 1 0
servqueue/pkg/web/server.go:802.4,803.26 2 0
servqueue/pkg/web/server.go:803.26,805.5 1 0
servqueue/pkg/web/server.go:807.4,819.48 2 0
servqueue/pkg/web/server.go:819.48,821.5 1 0
servqueue/pkg/web/server.go:822.29,823.10 1 0
servqueue/pkg/web/server.go:828.83,829.33 1 0
servqueue/pkg/web/server.go:829.33,832.3 2 0
servqueue/pkg/web/server.go:834.2,840.61 2 0
servqueue/pkg/web/server.go:840.61,843.3 2 0
servqueue/pkg/web/server.go:845.2,845.44 1 0
servqueue/pkg/web/server.go:845.44,848.3 2 0
servqueue/pkg/web/server.go:850.2,852.58 3 0
servqueue/pkg/web/server.go:855.69,859.17 3 0
servqueue/pkg/web/server.go:859.17,862.3 2 0
servqueue/pkg/web/server.go:864.2,866.16 3 0
servqueue/pkg/web/server.go:866.16,869.3 2 0
servqueue/pkg/web/server.go:871.2,872.16 2 0
servqueue/pkg/web/server.go:872.16,875.3 2 0
servqueue/pkg/web/server.go:876.2,882.23 5 0
servqueue/pkg/web/server.go:882.23,883.57 1 0
servqueue/pkg/web/server.go:883.57,885.4 1 0
servqueue/pkg/web/server.go:888.2,888.6 1 0
servqueue/pkg/web/server.go:888.6,889.10 1 0
servqueue/pkg/web/server.go:890.20,891.47 1 0
servqueue/pkg/web/server.go:891.47,892.13 1 0
servqueue/pkg/web/server.go:894.4,897.19 4 0
servqueue/pkg/web/server.go:897.19,903.5 1 0
servqueue/pkg/web/server.go:904.4,904.18 1 0
servqueue/pkg/web/server.go:904.18,906.5 1 0
servqueue/pkg/web/server.go:907.29,908.10 1 0
servqueue/cmd/servqueue/main.go:26.13,33.19 6 0
servqueue/cmd/servqueue/main.go:33.19,36.3 2 0
servqueue/cmd/servqueue/main.go:38.2,39.13 2 0
servqueue/cmd/servqueue/main.go:40.16,41.20 1 0
servqueue/cmd/servqueue/main.go:41.20,44.4 2 0
servqueue/cmd/servqueue/main.go:45.3,46.17 2 0
servqueue/cmd/servqueue/main.go:47.15,48.44 1 0
servqueue/cmd/servqueue/main.go:49.17,50.21 1 0
servqueue/cmd/servqueue/main.go:50.21,53.5 2 0
servqueue/cmd/servqueue/main.go:54.4,54.54 1 0
servqueue/cmd/servqueue/main.go:55.11,57.14 2 0
servqueue/cmd/servqueue/main.go:59.17,60.20 1 0
servqueue/cmd/servqueue/main.go:60.20,63.4 2 0
servqueue/cmd/servqueue/main.go:64.3,73.86 8 0
servqueue/cmd/servqueue/main.go:74.17,75.20 1 0
servqueue/cmd/servqueue/main.go:75.20,78.4 2 0
servqueue/cmd/servqueue/main.go:79.3,85.63 5 0
servqueue/cmd/servqueue/main.go:86.14,87.20 1 0
servqueue/cmd/servqueue/main.go:87.20,90.4 2 0
servqueue/cmd/servqueue/main.go:91.3,97.61 5 0
servqueue/cmd/servqueue/main.go:98.10,101.13 3 0
servqueue/cmd/servqueue/main.go:105.19,120.2 14 0
servqueue/cmd/servqueue/main.go:122.94,124.16 2 0
servqueue/cmd/servqueue/main.go:124.16,126.3 1 0
servqueue/cmd/servqueue/main.go:127.2,129.18 3 0
servqueue/cmd/servqueue/main.go:129.18,131.3 1 0
servqueue/cmd/servqueue/main.go:132.2,133.23 2 0
servqueue/cmd/servqueue/main.go:136.47,139.16 3 0
servqueue/cmd/servqueue/main.go:139.16,142.3 2 0
servqueue/cmd/servqueue/main.go:143.2,145.38 2 0
servqueue/cmd/servqueue/main.go:145.38,149.3 3 0
servqueue/cmd/servqueue/main.go:151.2,155.65 2 0
servqueue/cmd/servqueue/main.go:155.65,158.3 2 0
servqueue/cmd/servqueue/main.go:160.2,161.32 2 0
servqueue/cmd/servqueue/main.go:161.32,163.3 1 0
servqueue/cmd/servqueue/main.go:166.55,173.16 5 0
servqueue/cmd/servqueue/main.go:173.16,176.3 2 0
servqueue/cmd/servqueue/main.go:177.2,179.38 2 0
servqueue/cmd/servqueue/main.go:179.38,183.3 3 0
servqueue/cmd/servqueue/main.go:184.2,184.55 1 0
servqueue/cmd/servqueue/main.go:187.105,197.16 5 0
servqueue/cmd/servqueue/main.go:197.16,200.3 2 0
servqueue/cmd/servqueue/main.go:201.2,203.18 3 0
servqueue/cmd/servqueue/main.go:203.18,205.3 1 0
servqueue/cmd/servqueue/main.go:206.2,206.15 1 0
servqueue/cmd/servqueue/main.go:206.15,208.3 1 0
servqueue/cmd/servqueue/main.go:209.2,209.19 1 0
servqueue/cmd/servqueue/main.go:209.19,211.3 1 0
servqueue/cmd/servqueue/main.go:212.2,212.13 1 0
servqueue/cmd/servqueue/main.go:212.13,214.3 1 0
servqueue/cmd/servqueue/main.go:216.2,218.16 3 0
servqueue/cmd/servqueue/main.go:218.16,221.3 2 0
servqueue/cmd/servqueue/main.go:222.2,224.38 2 0
servqueue/cmd/servqueue/main.go:224.38,228.3 3 0
servqueue/cmd/servqueue/main.go:230.2,233.48 4 0
servqueue/cmd/servqueue/main.go:233.48,235.3 1 0
servqueue/cmd/servqueue/main.go:238.66,244.17 3 0
servqueue/cmd/servqueue/main.go:244.17,246.3 1 0
servqueue/cmd/servqueue/main.go:247.2,250.16 3 0
servqueue/cmd/servqueue/main.go:250.16,253.3 2 0
servqueue/cmd/servqueue/main.go:254.2,256.38 2 0
servqueue/cmd/servqueue/main.go:256.38,260.3 3 0
servqueue/cmd/servqueue/main.go:262.2,267.64 2 0
servqueue/cmd/servqueue/main.go:267.64,270.3 2 0
servqueue/cmd/servqueue/main.go:272.2,273.32 2 0
servqueue/cmd/servqueue/main.go:273.32,275.3 1 0
servqueue/cmd/servqueue/main.go:278.71,282.21 4 0
servqueue/cmd/servqueue/main.go:282.21,284.3 1 0
servqueue/cmd/servqueue/main.go:286.2,289.18 4 0
servqueue/cmd/servqueue/main.go:289.18,291.3 1 0
servqueue/cmd/servqueue/main.go:293.2,294.16 2 0
servqueue/cmd/servqueue/main.go:294.16,297.3 2 0
servqueue/cmd/servqueue/main.go:298.2,301.6 3 0
servqueue/cmd/servqueue/main.go:301.6,303.17 2 0
servqueue/cmd/servqueue/main.go:303.17,305.9 2 0
servqueue/cmd/servqueue/main.go:308.3,309.59 2 0
servqueue/cmd/servqueue/main.go:309.59,312.4 2 0
servqueue/cmd/servqueue/main.go:312.9,314.4 1 0
servqueue/pkg/storage/offloader.go:20.62,26.2 1 0
servqueue/pkg/storage/offloader.go:28.67,31.15 2 0
servqueue/pkg/storage/offloader.go:31.15,36.3 1 0
servqueue/pkg/storage/offloader.go:38.2,39.16 2 0
servqueue/pkg/storage/offloader.go:39.16,41.3 1 0
servqueue/pkg/storage/offloader.go:43.2,45.16 3 0
servqueue/pkg/storage/offloader.go:45.16,47.3 1 0
servqueue/pkg/storage/offloader.go:49.2,54.16 5 0
servqueue/pkg/storage/offloader.go:54.16,56.3 1 0
servqueue/pkg/storage/offloader.go:57.2,58.25 2 0
servqueue/pkg/storage/offloader.go:58.25,60.3 1 0
servqueue/pkg/storage/offloader.go:63.2,63.17 1 0
servqueue/pkg/storage/offloader.go:63.17,66.3 2 0
servqueue/pkg/storage/offloader.go:68.2,69.16 2 0
servqueue/pkg/storage/offloader.go:69.16,71.3 1 0
servqueue/pkg/storage/offloader.go:72.2,74.28 2 0
servqueue/pkg/storage/offloader.go:74.28,77.3 2 0
servqueue/pkg/storage/offloader.go:80.2,81.12 2 0
servqueue/pkg/storage/wal.go:28.41,30.16 2 0
servqueue/pkg/storage/wal.go:30.16,32.3 1 0
servqueue/pkg/storage/wal.go:34.2,36.16 3 0
servqueue/pkg/storage/wal.go:36.16,38.3 1 0
servqueue/pkg/storage/wal.go:40.2,45.8 1 0
servqueue/pkg/storage/wal.go:48.38,52.2 3 0
servqueue/pkg/storage/wal.go:54.51,59.30 3 0
servqueue/pkg/storage/wal.go:59.30,67.17 6 0
servqueue/pkg/storage/wal.go:67.17,69.4 1 0
servqueue/pkg/storage/wal.go:70.3,73.24 3 0
servqueue/pkg/storage/wal.go:73.24,75.4 1 0
servqueue/pkg/storage/wal.go:78.2,101.16 19 0
servqueue/pkg/storage/wal.go:101.16,103.3 1 0
servqueue/pkg/storage/wal.go:104.2,106.38 2 0
servqueue/pkg/storage/wal.go:106.38,108.3 1 0
servqueue/pkg/storage/wal.go:110.2,110.12 1 0
servqueue/pkg/storage/wal.go:113.45,118.56 4 0
servqueue/pkg/storage/wal.go:118.56,120.3 1 0
servqueue/pkg/storage/wal.go:122.2,123.6 2 0
servqueue/pkg/storage/wal.go:123.6,125.50 2 0
servqueue/pkg/storage/wal.go:125.50,126.9 1 0
servqueue/pkg/storage/wal.go:128.3,128.17 1 0
servqueue/pkg/storage/wal.go:128.17,130.4 1 0
servqueue/pkg/storage/wal.go:132.3,137.60 5 0
servqueue/pkg/storage/wal.go:137.60,139.4 1 0
servqueue/pkg/storage/wal.go:141.3,142.62 2 0
servqueue/pkg/storage/wal.go:142.62,144.4 1 0
servqueue/pkg/storage/wal.go:146.3,147.58 2 0
servqueue/pkg/storage/wal.go:147.58,149.4 1 0
servqueue/pkg/storage/wal.go:152.3,158.27 6 0
servqueue/pkg/storage/wal.go:158.27,159.34 1 0
servqueue/pkg/storage/wal.go:159.34,161.5 1 0
servqueue/pkg/storage/wal.go:164.3,168.5 1 0
servqueue/pkg/storage/wal.go:171.2,171.21 1 0
servqueue/pkg/storage/wal.go:174.29,178.2 3 0
servqueue/pkg/storage/wal.go:184.39,186.2 1 0
servqueue/pkg/storage/wal.go:188.38,190.2 1 0
servqueue/pkg/stomp/server.go:31.110,40.2 1 0
servqueue/pkg/stomp/server.go:44.53,44.54 0 0
servqueue/pkg/stomp/server.go:47.32,51.39 3 0
servqueue/pkg/stomp/server.go:51.39,53.21 2 0
servqueue/pkg/stomp/server.go:53.21,55.4 1 0
servqueue/pkg/stomp/server.go:56.3,58.49 3 0
servqueue/pkg/stomp/server.go:59.8,61.3 1 0
servqueue/pkg/stomp/server.go:63.2,63.16 1 0
servqueue/pkg/stomp/server.go:63.16,65.3 1 0
servqueue/pkg/stomp/server.go:66.2,68.6 2 0
servqueue/pkg/stomp/server.go:68.6,70.17 2 0
servqueue/pkg/stomp/server.go:70.17,72.4 1 0
servqueue/pkg/stomp/server.go:73.3,73.30 1 0
servqueue/pkg/stomp/server.go:77.25,78.23 1 0
servqueue/pkg/stomp/server.go:78.23,80.3 1 0
servqueue/pkg/stomp/server.go:89.54,91.16 2 0
servqueue/pkg/stomp/server.go:91.16,93.3 1 0
servqueue/pkg/stomp/server.go:94.2,95.19 2 0
servqueue/pkg/stomp/server.go:95.19,98.3 1 0
servqueue/pkg/stomp/server.go:100.2,101.6 2 0
servqueue/pkg/stomp/server.go:101.6,103.17 2 0
servqueue/pkg/stomp/server.go:103.17,105.4 1 0
servqueue/pkg/stomp/server.go:106.3,107.17 2 0
servqueue/pkg/stomp/server.go:107.17,108.9 1 0
servqueue/pkg/stomp/server.go:110.3,111.22 2 0
servqueue/pkg/stomp/server.go:111.22,113.4 1 0
servqueue/pkg/stomp/server.go:117.2,118.16 2 0
servqueue/pkg/stomp/server.go:118.16,120.3 1 0
servqueue/pkg/stomp/server.go:121.2,127.8 2 0
servqueue/pkg/stomp/server.go:130.97,134.28 4 0
servqueue/pkg/stomp/server.go:134.28,136.3 1 0
servqueue/pkg/stomp/server.go:137.2,141.12 5 0
servqueue/pkg/stomp/server.go:144.84,146.21 2 0
servqueue/pkg/stomp/server.go:146.21,148.3 1 0
servqueue/pkg/stomp/server.go:150.2,159.54 6 0
servqueue/pkg/stomp/server.go:159.54,161.3 1 0
servqueue/pkg/stomp/server.go:164.2,165.16 2 0
servqueue/pkg/stomp/server.go:165.16,167.3 1 0
servqueue/pkg/stomp/server.go:169.2,170.62 2 0
servqueue/pkg/stomp/server.go:170.62,172.3 1 0
servqueue/pkg/stomp/server.go:174.2,174.21 1 0
servqueue/pkg/stomp/server.go:177.65,179.9 2 0
servqueue/pkg/stomp/server.go:179.9,181.3 1 0
servqueue/pkg/stomp/server.go:182.2,183.23 2 0
servqueue/pkg/stomp/server.go:186.48,187.28 1 0
servqueue/pkg/stomp/server.go:187.28,189.3 1 0
servqueue/pkg/stomp/server.go:190.2,192.43 3 0
servqueue/pkg/stomp/server.go:195.66,196.18 1 0
servqueue/pkg/stomp/server.go:196.18,198.3 1 0
servqueue/pkg/stomp/server.go:199.2,199.34 1 0
servqueue/pkg/stomp/server.go:199.34,201.25 2 0
servqueue/pkg/stomp/server.go:201.25,203.4 1 0
servqueue/pkg/stomp/server.go:204.3,204.20 1 0
servqueue/pkg/stomp/server.go:206.2,206.34 1 0
servqueue/pkg/stomp/server.go:209.50,225.15 8 0
servqueue/pkg/stomp/server.go:225.15,226.34 1 0
servqueue/pkg/stomp/server.go:226.34,228.4 1 0
servqueue/pkg/stomp/server.go:231.2,235.42 3 0
servqueue/pkg/stomp/server.go:235.42,237.3 1 0
servqueue/pkg/stomp/server.go:239.2,239.6 1 0
servqueue/pkg/stomp/server.go:239.6,241.17 2 0
servqueue/pkg/stomp/server.go:241.17,243.4 1 0
servqueue/pkg/stomp/server.go:245.3,245.33 1 0
servqueue/pkg/stomp/server.go:245.33,250.22 4 0
servqueue/pkg/stomp/server.go:250.22,253.54 3 0
servqueue/pkg/stomp/server.go:253.54,255.6 1 0
servqueue/pkg/stomp/server.go:255.11,255.68 1 0
servqueue/pkg/stomp/server.go:255.68,256.63 1 0
servqueue/pkg/stomp/server.go:256.63,259.7 2 0
servqueue/pkg/stomp/server.go:259.12,259.67 1 0
servqueue/pkg/stomp/server.go:259.67,262.7 2 0
servqueue/pkg/stomp/server.go:265.5,265.17 1 0
servqueue/pkg/stomp/server.go:265.17,269.6 3 0
servqueue/pkg/stomp/server.go:271.5,271.22 1 0
servqueue/pkg/stomp/server.go:271.22,272.59 1 0
servqueue/pkg/stomp/server.go:272.59,274.7 1 0
servqueue/pkg/stomp/server.go:274.12,274.68 1 0
servqueue/pkg/stomp/server.go:274.68,276.7 1 0
servqueue/pkg/stomp/server.go:280.4,280.17 1 0
servqueue/pkg/stomp/server.go:280.17,282.5 1 0
servqueue/pkg/stomp/server.go:284.4,287.12 4 0
servqueue/pkg/stomp/server.go:290.3,290.21 1 0
servqueue/pkg/stomp/server.go:290.21,294.4 3 0
servqueue/pkg/stomp/server.go:296.3,296.24 1 0
servqueue/pkg/stomp/server.go:297.15,299.25 2 0
servqueue/pkg/stomp/server.go:299.25,300.13 1 0
servqueue/pkg/stomp/server.go:303.4,304.18 2 0
servqueue/pkg/stomp/server.go:304.18,308.5 3 0
servqueue/pkg/stomp/server.go:310.4,311.58 2 0
servqueue/pkg/stomp/server.go:311.58,313.5 1 0
servqueue/pkg/stomp/server.go:314.4,314.60 1 0
servqueue/pkg/stomp/server.go:314.60,316.5 1 0
servqueue/pkg/stomp/server.go:316.10,316.59 1 0
servqueue/pkg/stomp/server.go:316.59,318.5 1 0
servqueue/pkg/stomp/server.go:319.4,319.61 1 0
servqueue/pkg/stomp/server.go:319.61,321.5 1 0
servqueue/pkg/stomp/server.go:322.4,322.62 1 0
servqueue/pkg/stomp/server.go:322.62,324.5 1 0
servqueue/pkg/stomp/server.go:325.4,325.66 1 0
servqueue/pkg/stomp/server.go:325.66,327.5 1 0
servqueue/pkg/stomp/server.go:329.4,330.18 2 0
servqueue/pkg/stomp/server.go:330.18,331.47 1 0
servqueue/pkg/stomp/server.go:331.47,337.6 1 0
servqueue/pkg/stomp/server.go:337.11,340.6 2 0
servqueue/pkg/stomp/server.go:341.5,341.13 1 0
servqueue/pkg/stomp/server.go:344.4,344.61 1 0
servqueue/pkg/stomp/server.go:346.16,348.18 2 0
servqueue/pkg/stomp/server.go:348.18,350.5 1 0
servqueue/pkg/stomp/server.go:352.17,354.18 2 0
servqueue/pkg/stomp/server.go:354.18,355.47 1 0
servqueue/pkg/stomp/server.go:355.47,356.30 1 0
servqueue/pkg/stomp/server.go:356.30,358.7 1 0
servqueue/pkg/stomp/server.go:359.6,359.29 1 0
servqueue/pkg/stomp/server.go:363.16,365.18 2 0
servqueue/pkg/stomp/server.go:365.18,367.5 1 0
servqueue/pkg/stomp/server.go:369.20,373.25 4 0
servqueue/pkg/stomp/server.go:373.25,374.13 1 0
servqueue/pkg/stomp/server.go:377.4,378.18 2 0
servqueue/pkg/stomp/server.go:378.18,382.5 3 0
servqueue/pkg/stomp/server.go:384.4,385.19 2 0
servqueue/pkg/stomp/server.go:385.19,387.5 1 0
servqueue/pkg/stomp/server.go:387.10,389.5 1 0
servqueue/pkg/stomp/server.go:390.4,392.58 2 0
servqueue/pkg/stomp/server.go:392.58,393.30 1 0
servqueue/pkg/stomp/server.go:393.30,400.47 2 0
servqueue/pkg/stomp/server.go:400.47,402.7 1 0
servqueue/pkg/stomp/server.go:403.6,403.48 1 0
servqueue/pkg/stomp/server.go:407.21,410.10 3 0
servqueue/main.go:18.13,37.12 11 0
servqueue/main.go:37.12,38.45 1 0
servqueue/main.go:38.45,40.4 1 0
servqueue/main.go:43.2,44.12 2 0
servqueue/main.go:44.12,45.74 1 0
servqueue/main.go:45.74,47.4 1 0
servqueue/main.go:51.2,60.56 7 0
servqueue/main.go:60.56,62.3 1 0
servqueue/main.go:65.2,72.45 5 0
