{"timestamp":"2026-07-17T13:26:07Z","tenant_id":"default","action":"SET","key":"db-pass","prev_hash":"","hash":"43cce9166364b2be88bc5126a0cd4fa1b1f3f508aa74a7d5437d8c297b34f243"}
{"timestamp":"2026-07-17T13:26:07Z","tenant_id":"default","action":"GET","key":"db-pass","prev_hash":"43cce9166364b2be88bc5126a0cd4fa1b1f3f508aa74a7d5437d8c297b34f243","hash":"145f2ad5d00c7f80c53dc1037f27a260738874c5739bd226a586e1b667954f65"}
{"timestamp":"2026-07-17T13:26:07Z","tenant_id":"default","action":"LIST","key":"","prev_hash":"145f2ad5d00c7f80c53dc1037f27a260738874c5739bd226a586e1b667954f65","hash":"d4ef48a7e283f227bcb0156f72d9c7dcbadb99f939ae48bb2145a8f4fcdd7b13"}
{"timestamp":"2026-07-17T13:26:07Z","tenant_id":"default","action":"DELETE","key":"db-pass","prev_hash":"d4ef48a7e283f227bcb0156f72d9c7dcbadb99f939ae48bb2145a8f4fcdd7b13","hash":"8e651d27b68e5249a23c088bc9d922410b20626a6ce0cef6ba08cb5db4278da7"}
{"timestamp":"2026-07-17T13:26:07Z","tenant_id":"default","action":"SET","key":"api-key","prev_hash":"8e651d27b68e5249a23c088bc9d922410b20626a6ce0cef6ba08cb5db4278da7","hash":"01f31dab83988cab4a0b7e62eed7b2d0d5713a84a7306a525e4276a44c9a1fed"}
{"timestamp":"2026-07-17T13:26:07Z","tenant_id":"default","action":"GET","key":"api-key","prev_hash":"01f31dab83988cab4a0b7e62eed7b2d0d5713a84a7306a525e4276a44c9a1fed","hash":"552131b3cd0b83a119ba8f1e1ca5a69f550f5e58b8cab84b1720cb232a216a38"}
{"timestamp":"2026-07-17T13:26:07Z","tenant_id":"default","action":"ROTATE","key":"","prev_hash":"552131b3cd0b83a119ba8f1e1ca5a69f550f5e58b8cab84b1720cb232a216a38","hash":"40560df94e22d2328b5850554db0972153d60d543ebe63a4a88c0df8559b51ab"}
{"timestamp":"2026-07-17T13:26:07Z","tenant_id":"default","action":"GET","key":"api-key","prev_hash":"40560df94e22d2328b5850554db0972153d60d543ebe63a4a88c0df8559b51ab","hash":"31e82d07c96a6053d4ce6f3c27fdd16fb83ec5645c43704742ef52739d24a6b3"}
{"timestamp":"2026-07-17T13:31:44Z","tenant_id":"default","action":"SET","key":"db-pass","prev_hash":"","hash":"afab289d94ec8188b0216becd88b815e4d15577a72f5b4e185432df990afbe67"}
{"timestamp":"2026-07-17T13:31:44Z","tenant_id":"default","action":"GET","key":"db-pass","prev_hash":"afab289d94ec8188b0216becd88b815e4d15577a72f5b4e185432df990afbe67","hash":"8400de97808310cd53d298f032d40da0da983092666a6375d0e9162b188561c7"}
{"timestamp":"2026-07-17T13:31:44Z","tenant_id":"default","action":"LIST","key":"","prev_hash":"8400de97808310cd53d298f032d40da0da983092666a6375d0e9162b188561c7","hash":"72d430bb9cf92363a448e0de9206292a1dfc164af03cca0d6e774bd53f5cfab4"}
{"timestamp":"2026-07-17T13:31:44Z","tenant_id":"default","action":"DELETE","key":"db-pass","prev_hash":"72d430bb9cf92363a448e0de9206292a1dfc164af03cca0d6e774bd53f5cfab4","hash":"97e98b594ab642eaf86aad7346e21144b8f8a86174c2db542a004d7237879eef"}
{"timestamp":"2026-07-17T13:31:44Z","tenant_id":"default","action":"SET","key":"api-key","prev_hash":"97e98b594ab642eaf86aad7346e21144b8f8a86174c2db542a004d7237879eef","hash":"dd5f2c33d446898f9902d304ddeb3a3afeb93d82f9402c38ca0f11c413b2fe3b"}
{"timestamp":"2026-07-17T13:31:44Z","tenant_id":"default","action":"GET","key":"api-key","prev_hash":"dd5f2c33d446898f9902d304ddeb3a3afeb93d82f9402c38ca0f11c413b2fe3b","hash":"69466141d08ae2464642f8808fb553a2f9f56ccfb140546cf28defefa18e62a8"}
{"timestamp":"2026-07-17T13:31:44Z","tenant_id":"default","action":"ROTATE","key":"","prev_hash":"69466141d08ae2464642f8808fb553a2f9f56ccfb140546cf28defefa18e62a8","hash":"78cf50779db5862ca502abbf69d0412cfa30cfbdde18a036cc4acd7dcaa99deb"}
{"timestamp":"2026-07-17T13:31:44Z","tenant_id":"default","action":"GET","key":"api-key","prev_hash":"78cf50779db5862ca502abbf69d0412cfa30cfbdde18a036cc4acd7dcaa99deb","hash":"900a205e4ad804b0e9fe5ee1916cdb33c9fea2a195db7b73b6b0ac868a9334d8"}
{"timestamp":"2026-07-17T13:35:48Z","tenant_id":"default","action":"SET","key":"db-pass","prev_hash":"","hash":"2781296e99b8264bc8b0c2996b24fae116f7d4b4f4114d76e4171705acd4326c"}
{"timestamp":"2026-07-17T13:35:48Z","tenant_id":"default","action":"GET","key":"db-pass","prev_hash":"2781296e99b8264bc8b0c2996b24fae116f7d4b4f4114d76e4171705acd4326c","hash":"a61f0c008d3033b778268270c0c4bbc32a27b5610dde3e5db71be923f6600c73"}
{"timestamp":"2026-07-17T13:35:48Z","tenant_id":"default","action":"LIST","key":"","prev_hash":"a61f0c008d3033b778268270c0c4bbc32a27b5610dde3e5db71be923f6600c73","hash":"924ff1d6729552dc4eca2f64908c703f32b05d48794e14e679909e230844ffe0"}
{"timestamp":"2026-07-17T13:35:48Z","tenant_id":"default","action":"DELETE","key":"db-pass","prev_hash":"924ff1d6729552dc4eca2f64908c703f32b05d48794e14e679909e230844ffe0","hash":"ba476c5d13c2756df8a4f4431910a7f13f6a6c6393fd7f3dcd27b26b1c4753e8"}
{"timestamp":"2026-07-17T13:35:48Z","tenant_id":"default","action":"SET","key":"api-key","prev_hash":"ba476c5d13c2756df8a4f4431910a7f13f6a6c6393fd7f3dcd27b26b1c4753e8","hash":"fee54e4d4b908f45720a3463529a1f26f804a62fcfc011493d1f89d2da3245a7"}
{"timestamp":"2026-07-17T13:35:48Z","tenant_id":"default","action":"GET","key":"api-key","prev_hash":"fee54e4d4b908f45720a3463529a1f26f804a62fcfc011493d1f89d2da3245a7","hash":"084e5372f02c894362fcb8fc2543f8bddf7905719789c2e2b90a9bc8a13f2875"}
{"timestamp":"2026-07-17T13:35:48Z","tenant_id":"default","action":"ROTATE","key":"","prev_hash":"084e5372f02c894362fcb8fc2543f8bddf7905719789c2e2b90a9bc8a13f2875","hash":"a9c3f0455d059dbb956c5051c9f655da501d106e4a954c4cb23cf2fdd6f27888"}
{"timestamp":"2026-07-17T13:35:48Z","tenant_id":"default","action":"GET","key":"api-key","prev_hash":"a9c3f0455d059dbb956c5051c9f655da501d106e4a954c4cb23cf2fdd6f27888","hash":"4a21f0bece194443145f1eadef16aa052f248ddc06523f569d999a0c6f2cc492"}
{"timestamp":"2026-07-17T13:42:26Z","tenant_id":"default","action":"SET","key":"db-pass","prev_hash":"","hash":"5df00b576d6c7e986ee4a11b316a43aba6c1e6c0c60ae4ce6fe306c0391b3353"}
{"timestamp":"2026-07-17T13:42:26Z","tenant_id":"default","action":"GET","key":"db-pass","prev_hash":"5df00b576d6c7e986ee4a11b316a43aba6c1e6c0c60ae4ce6fe306c0391b3353","hash":"74aeee263a3b604786e5a0b8c6ff081bd22074db44b3c00e9025a775bb6c11b2"}
{"timestamp":"2026-07-17T13:42:26Z","tenant_id":"default","action":"LIST","key":"","prev_hash":"74aeee263a3b604786e5a0b8c6ff081bd22074db44b3c00e9025a775bb6c11b2","hash":"e924840776e30d7eefca4ae9b02527cc10ea702598d7ecdabc645b84d23ef7bc"}
{"timestamp":"2026-07-17T13:42:26Z","tenant_id":"default","action":"DELETE","key":"db-pass","prev_hash":"e924840776e30d7eefca4ae9b02527cc10ea702598d7ecdabc645b84d23ef7bc","hash":"420fa4a4a8849ae9aee9b84f3317cc0a55d81ee389185c1078d14ae86fe50507"}
{"timestamp":"2026-07-17T13:42:26Z","tenant_id":"default","action":"SET","key":"api-key","prev_hash":"420fa4a4a8849ae9aee9b84f3317cc0a55d81ee389185c1078d14ae86fe50507","hash":"c29ee4caf5328d6b60c2683a52a31f4b54dbc257c40a4643f22429d30958b415"}
{"timestamp":"2026-07-17T13:42:26Z","tenant_id":"default","action":"GET","key":"api-key","prev_hash":"c29ee4caf5328d6b60c2683a52a31f4b54dbc257c40a4643f22429d30958b415","hash":"7ef785ab4829987c583258f16545f84a1f9e52ec31595aa511e10d6af5091bcf"}
{"timestamp":"2026-07-17T13:42:26Z","tenant_id":"default","action":"ROTATE","key":"","prev_hash":"7ef785ab4829987c583258f16545f84a1f9e52ec31595aa511e10d6af5091bcf","hash":"81b0b895b2d7482be83b55b8226ef734296ab1377f6fb47fda01d963b2d86ad4"}
{"timestamp":"2026-07-17T13:42:26Z","tenant_id":"default","action":"GET","key":"api-key","prev_hash":"81b0b895b2d7482be83b55b8226ef734296ab1377f6fb47fda01d963b2d86ad4","hash":"da2ba8053d787a89dd6ca9539aa7e5a501ce48694f4674ac83fed8ad9df6237c"}
{"timestamp":"2026-07-17T13:45:52Z","tenant_id":"default","action":"SET","key":"db-pass","prev_hash":"","hash":"3220eebdd22fe97b28b9440ea5a0b95437356b89de4ba80e2693206cae15b3b8"}
{"timestamp":"2026-07-17T13:45:52Z","tenant_id":"default","action":"GET","key":"db-pass","prev_hash":"3220eebdd22fe97b28b9440ea5a0b95437356b89de4ba80e2693206cae15b3b8","hash":"6c15a87d0bde77470717e114d8aecf5238b4c21b9290610d43790a25641d9025"}
{"timestamp":"2026-07-17T13:45:52Z","tenant_id":"default","action":"LIST","key":"","prev_hash":"6c15a87d0bde77470717e114d8aecf5238b4c21b9290610d43790a25641d9025","hash":"325a295162adde14f971294055bc7801a8aefbd9ece90178e1f2491cf82ede6b"}
{"timestamp":"2026-07-17T13:45:52Z","tenant_id":"default","action":"DELETE","key":"db-pass","prev_hash":"325a295162adde14f971294055bc7801a8aefbd9ece90178e1f2491cf82ede6b","hash":"5cf235672212eb31d9a9a43b1108d38da05d5cf787db3544defc917b6dc43960"}
{"timestamp":"2026-07-17T13:45:52Z","tenant_id":"default","action":"SET","key":"api-key","prev_hash":"5cf235672212eb31d9a9a43b1108d38da05d5cf787db3544defc917b6dc43960","hash":"ebc76dd40a5d966c06ef038e8c53fc221e8bfd66428db99531c0e49411217b4f"}
{"timestamp":"2026-07-17T13:45:52Z","tenant_id":"default","action":"GET","key":"api-key","prev_hash":"ebc76dd40a5d966c06ef038e8c53fc221e8bfd66428db99531c0e49411217b4f","hash":"6ec39e14a01a74a078343390f7a0f4771c30b13fa8e0c2d367684a0c838c53d9"}
{"timestamp":"2026-07-17T13:45:52Z","tenant_id":"default","action":"ROTATE","key":"","prev_hash":"6ec39e14a01a74a078343390f7a0f4771c30b13fa8e0c2d367684a0c838c53d9","hash":"6922fe80cd472ebcb2bbb7cb3301d18a190d247eae1cb3b9f2f37e85cdf569c1"}
{"timestamp":"2026-07-17T13:45:52Z","tenant_id":"default","action":"GET","key":"api-key","prev_hash":"6922fe80cd472ebcb2bbb7cb3301d18a190d247eae1cb3b9f2f37e85cdf569c1","hash":"7cdd5c604d975ac2ac9c9163dbdad4be3a12d0013381c22db6fe57056ac40ad1"}
{"timestamp":"2026-07-17T13:56:44Z","tenant_id":"default","action":"SET","key":"db-pass","prev_hash":"","hash":"6d2a73ce8e4c26bf81855d2b5c5e7cad71d89f56fc0a77d4d3f66daf69c81033"}
{"timestamp":"2026-07-17T13:56:44Z","tenant_id":"default","action":"GET","key":"db-pass","prev_hash":"6d2a73ce8e4c26bf81855d2b5c5e7cad71d89f56fc0a77d4d3f66daf69c81033","hash":"b384bbcde88b3fa4ea110544068f8ccd62421023dd03b5edbead46a8d3eef43c"}
{"timestamp":"2026-07-17T13:56:44Z","tenant_id":"default","action":"LIST","key":"","prev_hash":"b384bbcde88b3fa4ea110544068f8ccd62421023dd03b5edbead46a8d3eef43c","hash":"848ac9c7d2ad437907f2e34b73a06aa3f086c251fc42c3f418b27f924ae99a75"}
{"timestamp":"2026-07-17T13:56:44Z","tenant_id":"default","action":"DELETE","key":"db-pass","prev_hash":"848ac9c7d2ad437907f2e34b73a06aa3f086c251fc42c3f418b27f924ae99a75","hash":"509f82753de9a8c3a322868583aa029473cac0f2e652abcd2efa38b90bf3ec9d"}
{"timestamp":"2026-07-17T13:56:44Z","tenant_id":"default","action":"SET","key":"api-key","prev_hash":"509f82753de9a8c3a322868583aa029473cac0f2e652abcd2efa38b90bf3ec9d","hash":"8bd7e69fe43b2471a6dd5356dacf5387c539a49c57723dc4ca42ececb78c963e"}
{"timestamp":"2026-07-17T13:56:44Z","tenant_id":"default","action":"GET","key":"api-key","prev_hash":"8bd7e69fe43b2471a6dd5356dacf5387c539a49c57723dc4ca42ececb78c963e","hash":"25873a18218f0254eb7613b1339b0ac909557e37b8df9ceaf7177d6b491b4871"}
{"timestamp":"2026-07-17T13:56:44Z","tenant_id":"default","action":"ROTATE","key":"","prev_hash":"25873a18218f0254eb7613b1339b0ac909557e37b8df9ceaf7177d6b491b4871","hash":"1305fa97b1752fc1d05f748dc107a66010a572ee09bfb48b3209a0a8d4fee9e5"}
{"timestamp":"2026-07-17T13:56:44Z","tenant_id":"default","action":"GET","key":"api-key","prev_hash":"1305fa97b1752fc1d05f748dc107a66010a572ee09bfb48b3209a0a8d4fee9e5","hash":"7ced0fc1c0070d56eabee312f7d5eeedc156ee2d0a287f1f29b6c5c9c5577dac"}
{"timestamp":"2026-07-21T14:04:04Z","tenant_id":"default","action":"SET","key":"db-pass","prev_hash":"","hash":"9fbec8bf8eaea55ebe714a18b6b7f960f5a8787f133fad8e4368fca15300a323"}
{"timestamp":"2026-07-21T14:04:05Z","tenant_id":"default","action":"GET","key":"db-pass","prev_hash":"9fbec8bf8eaea55ebe714a18b6b7f960f5a8787f133fad8e4368fca15300a323","hash":"a1cfef807cca6c93474d06b70440d460832573e621a25f22b24aad00dc5c1068"}
{"timestamp":"2026-07-21T14:04:05Z","tenant_id":"default","action":"LIST","key":"","prev_hash":"a1cfef807cca6c93474d06b70440d460832573e621a25f22b24aad00dc5c1068","hash":"6ca43416ff1cfd5cf2f4b2999d52b43a13d8adfbba5d4b6ba164900d9197671a"}
{"timestamp":"2026-07-21T14:04:05Z","tenant_id":"default","action":"DELETE","key":"db-pass","prev_hash":"6ca43416ff1cfd5cf2f4b2999d52b43a13d8adfbba5d4b6ba164900d9197671a","hash":"77ffb257e676844adba0c7ff4fa1402ee5de5736a362b02230da4e007f8862c8"}
{"timestamp":"2026-07-21T14:04:05Z","tenant_id":"default","action":"SET","key":"api-key","prev_hash":"77ffb257e676844adba0c7ff4fa1402ee5de5736a362b02230da4e007f8862c8","hash":"4b0d2a43c87681ed254ffd99df4fcfda0e765a5bea1eb73d018795509456a281"}
{"timestamp":"2026-07-21T14:04:05Z","tenant_id":"default","action":"GET","key":"api-key","prev_hash":"4b0d2a43c87681ed254ffd99df4fcfda0e765a5bea1eb73d018795509456a281","hash":"c2298d68e85668f71f1d7085ad32c3bdc2c95f18950e905d51e8128221b1d8bd"}
{"timestamp":"2026-07-21T14:04:05Z","tenant_id":"default","action":"ROTATE","key":"","prev_hash":"c2298d68e85668f71f1d7085ad32c3bdc2c95f18950e905d51e8128221b1d8bd","hash":"85580fcde0357ec8cbd271d471966f380643167869e9ff061971885866f073dd"}
{"timestamp":"2026-07-21T14:04:05Z","tenant_id":"default","action":"GET","key":"api-key","prev_hash":"85580fcde0357ec8cbd271d471966f380643167869e9ff061971885866f073dd","hash":"1f5238116042b91109a4b87178035ad34661f761c7f7a3c9f047fc70cb2ea258"}
